dccc|rpart|1|100|2|0.0036999999996624|0.157299999998941|0.763383333333333|0.859035956746496
dccc|rpart|1|100|3|0.00360000000036962|0.156999999999971|0.730166666666667|0.834009001065143
dccc|rpart|1|100|5|0.00419999999940046|0.159499999999753|0.785216666666667|0.871160872593659
dccc|rpart|1|100|7|0.00470000000059372|0.15940000000046|0.7542|0.843710995397295
dccc|rpart|1|1000|2|0.00830000000096334|0.152699999999822|0.784916666666667|0.874900846592396
dccc|rpart|1|1000|3|0.00900000000001455|0.157700000000841|0.784766666666667|0.875464652422916
dccc|rpart|1|1000|5|0.017699999999968|0.149300000000221|0.786466666666667|0.874274025589685
dccc|rpart|1|1000|7|0.0205999999998312|0.160100000000239|0.7893|0.873802715437172
dccc|rpart|1|10000|2|0.0354000000002998|0.146199999999226|0.789566666666667|0.878470997236474
dccc|rpart|1|10000|3|0.055899999999383|0.148400000000402|0.783616666666667|0.87551623183322
dccc|rpart|1|10000|5|0.116399999999703|0.161000000000058|0.7934|0.878832799581362
dccc|rpart|1|10000|7|0.212100000000646|0.150700000000143|0.795533333333333|0.878990463345063
dccc|rpart|3|100|2|0.0100000000005821|0.262800000000425|0.765716666666667|0.864143009062971
dccc|rpart|3|100|3|0.0105999999996129|0.263200000000506|0.769283333333333|0.865688235565612
dccc|rpart|3|100|5|0.0121999999995751|0.261199999999735|0.772416666666667|0.865056661416659
dccc|rpart|3|100|7|0.0127000000004045|0.272499999999854|0.780566666666667|0.869452467912738
dccc|rpart|3|1000|2|0.019800000000032|0.272700000000623|0.782933333333333|0.87662216839195
dccc|rpart|3|1000|3|0.0298000000006141|0.257099999999991|0.793333333333333|0.880013771520411
dccc|rpart|3|1000|5|0.0433999999997468|0.261200000000827|0.79755|0.88203993315092
dccc|rpart|3|1000|7|0.0632999999994354|0.281000000000495|0.79785|0.881609209086317
dccc|rpart|3|10000|2|0.111999999999534|0.258099999999467|0.7861|0.877910742720263
dccc|rpart|3|10000|3|0.183699999999953|0.274399999999878|0.787966666666667|0.878791942764376
dccc|rpart|3|10000|5|0.40989999999947|0.266299999999319|0.805133333333333|0.885438108826507
dccc|rpart|3|10000|7|0.613899999999921|0.281600000000981|0.804866666666667|0.885148292264019
dccc|rpart|10|100|2|0.0298000000006141|0.66820000000007|0.777766666666667|0.874733088770457
dccc|rpart|10|100|3|0.0329999999998108|0.653100000000995|0.78275|0.876591186205975
dccc|rpart|10|100|5|0.0388999999999214|0.660499999999956|0.791733333333333|0.880488610328715
dccc|rpart|10|100|7|0.0406000000006316|0.668900000000576|0.79025|0.879720110989772
dccc|rpart|10|1000|2|0.0657000000002881|0.646800000000439|0.780266666666667|0.875923344358488
dccc|rpart|10|1000|3|0.100099999998929|0.649499999999534|0.7831|0.877011858718896
dccc|rpart|10|1000|5|0.152800000000207|0.663000000000102|0.7905|0.880240563906626
dccc|rpart|10|1000|7|0.207200000000375|0.65609999999906|0.80215|0.885111311285989
dccc|rpart|10|10000|2|0.423899999999048|0.630100000001039|0.7816|0.876225622872785
dccc|rpart|10|10000|3|0.60669999999991|0.65869999999959|0.7853|0.877893728815993
dccc|rpart|10|10000|5|1.27690000000148|0.658800000000338|0.799466666666667|0.884407637546782
dccc|rpart|10|10000|7|2.01159999999945|0.683600000000297|0.80755|0.887534142617913
dccc|rpart|30|100|2|0.0926000000006752|1.70689999999995|0.777783333333333|0.874821277221965
dccc|rpart|30|100|3|0.0996999999999389|1.69559999999947|0.77835|0.875026905856378
dccc|rpart|30|100|5|0.114300000000367|1.75089999999982|0.786166666666666|0.87833250837642
dccc|rpart|30|100|7|0.132999999999811|1.76390000000029|0.7951|0.882104584049768
dccc|rpart|30|1000|2|0.19110000000037|1.6494999999999|0.776816666666667|0.874391466995922
dccc|rpart|30|1000|3|0.293100000000413|1.69220000000023|0.780166666666667|0.875894683651966
dccc|rpart|30|1000|5|0.461399999999412|1.69369999999944|0.793516666666667|0.881680077525088
dccc|rpart|30|1000|7|0.632200000000375|1.77610000000022|0.80585|0.886879621271499
dccc|rpart|30|10000|2|1.17570000000014|1.65419999999976|0.779133333333333|0.875448066398447
dccc|rpart|30|10000|3|2.16820000000007|1.71539999999986|0.792866666666667|0.881491670537897
dccc|rpart|30|10000|5|4.10340000000069|1.70810000000019|0.803416666666667|0.885698022592667
dccc|rpart|30|10000|7|5.86860000000051|1.78280000000013|0.807966666666667|0.887754398526571
dccc|rpart|100|100|2|0.309100000000763|5.25160000000033|0.776833333333333|0.874402026076353
dccc|rpart|100|100|3|0.33739999999998|5.32759999999944|0.777183333333333|0.874546131693939
dccc|rpart|100|100|5|0.382200000000375|5.38930000000037|0.7897|0.880023053736098
dccc|rpart|100|100|7|0.430399999999645|5.48430000000008|0.796966666666667|0.883302974942655
dccc|rpart|100|1000|2|0.646699999999692|5.20939999999973|0.776833333333333|0.874402026076353
dccc|rpart|100|1000|3|0.989400000000023|5.34150000000082|0.779266666666667|0.875539218867269
dccc|rpart|100|1000|5|1.59059999999954|5.38530000000028|0.799533333333333|0.88433416542391
dccc|rpart|100|1000|7|2.10910000000003|5.55169999999998|0.80585|0.886980804605515
dccc|rpart|100|10000|2|4.01630000000041|5.25880000000106|0.776833333333333|0.874399669420496
dccc|rpart|100|10000|3|6.53999999999978|5.34180000000015|0.78335|0.877307038211419
dccc|rpart|100|10000|5|13.2420999999991|5.46789999999964|0.80135|0.884806476565147
dccc|rpart|100|10000|7|19.9351999999988|5.61689999999944|0.807766666666667|0.887639537972678
dccc|rpart_cms10_ccp1|10|100|3|0.0277000000001863|0.63920000000071|0.7765|0.874190824655221
dccc|rpart_cms10_ccp1|10|100|7|0.0294999999998254|0.649599999999918|0.7765|0.874190824655221
dccc|rpart_cms10_ccp1|10|1000|3|0.0385999999991327|0.630899999998655|0.7765|0.874190824655221
dccc|rpart_cms10_ccp1|10|1000|7|0.0418999999994412|0.653899999998976|0.7765|0.874190824655221
dccc|rpart_cms10_ccp1|10|10000|3|0.125200000001496|0.640099999999075|0.7765|0.874190824655221
dccc|rpart_cms10_ccp1|10|10000|7|0.156600000000617|0.65509999999922|0.7765|0.874190824655221
dccc|rpart_cms10_ccp1|100|100|3|0.272600000000239|5.26100000000079|0.7765|0.874190824655221
dccc|rpart_cms10_ccp1|100|100|7|0.311200000000827|5.4218000000008|0.7765|0.874190824655221
dccc|rpart_cms10_ccp1|100|1000|3|0.380000000000291|5.23919999999926|0.7765|0.874190824655221
dccc|rpart_cms10_ccp1|100|1000|7|0.442399999999179|5.44589999999953|0.7765|0.874190824655221
dccc|rpart_cms10_ccp1|100|10000|3|1.39100000000035|5.28890000000029|0.7765|0.874190824655221
dccc|rpart_cms10_ccp1|100|10000|7|1.72740000000122|5.47270000000135|0.7765|0.874190824655221
dccc|rpart_cms30_ccp0001_cmd15|10|100|3|0.0318999999995867|0.63179999999993|0.788966666666667|0.881862829150337
dccc|rpart_cms30_ccp0001_cmd15|10|100|7|0.0377000000000407|0.664199999999983|0.793566666666667|0.883351670548588
dccc|rpart_cms30_ccp0001_cmd15|10|1000|3|0.112400000000343|0.656800000000658|0.795383333333333|0.884348215267017
dccc|rpart_cms30_ccp0001_cmd15|10|1000|7|0.202600000001257|0.647900000000664|0.8061|0.888170936586145
dccc|rpart_cms30_ccp0001_cmd15|10|10000|3|1.16009999999951|0.638599999999133|0.795716666666667|0.884629751825264
dccc|rpart_cms30_ccp0001_cmd15|10|10000|7|2.68190000000104|0.67129999999961|0.80855|0.889515625372214
dccc|rpart_cms30_ccp0001_cmd15|100|100|3|0.321699999998964|5.36430000000109|0.788333333333333|0.881640260950606
dccc|rpart_cms30_ccp0001_cmd15|100|100|7|0.401899999998568|5.56410000000105|0.800083333333333|0.886471010683877
dccc|rpart_cms30_ccp0001_cmd15|100|1000|3|1.12790000000023|5.45520000000106|0.79305|0.883616839834197
dccc|rpart_cms30_ccp0001_cmd15|100|1000|7|2.06129999999976|5.58260000000009|0.809883333333334|0.889984713719374
dccc|rpart_cms30_ccp0001_cmd15|100|10000|3|11.603100000001|5.48999999999869|0.797766666666667|0.885607716162733
dccc|rpart_cms30_ccp0001_cmd15|100|10000|7|26.952199999999|5.73669999999984|0.811766666666667|0.890786775442597
dccc|naivebayes|1|100|2|0.0021999999997206|0.630000000001746|0.69055|0.776772244266847
dccc|naivebayes|1|100|3|0.00229999999937718|0.712099999999918|0.749033333333333|0.836707547973455
dccc|naivebayes|1|100|5|0.00279999999838765|0.857999999998719|0.5802|0.665748290375298
dccc|naivebayes|1|100|7|0.00250000000160071|1.00220000000045|0.558716666666667|0.637546906248435
dccc|naivebayes|1|1000|2|0.00300000000133878|0.613999999999942|0.679316666666667|0.760912552257217
dccc|naivebayes|1|1000|3|0.00319999999919673|0.69920000000202|0.7537|0.833937854082786
dccc|naivebayes|1|1000|5|0.00310000000026776|0.872400000000198|0.718366666666667|0.792704374329571
dccc|naivebayes|1|1000|7|0.00380000000004657|0.987700000000041|0.68565|0.765375612805123
dccc|naivebayes|1|10000|2|0.00859999999884167|0.631699999998091|0.79985|0.885762074972569
dccc|naivebayes|1|10000|3|0.0088000000010652|0.681299999999464|0.796666666666667|0.880324612021167
dccc|naivebayes|1|10000|5|0.0100999999987835|0.868799999998737|0.739716666666667|0.822016681448266
dccc|naivebayes|1|10000|7|0.0103000000024622|0.992899999998917|0.795533333333333|0.87682988369611
dccc|naivebayes|3|100|2|0.00530000000144355|1.6179000000011|0.784666666666667|0.871316605882449
dccc|naivebayes|3|100|3|0.00539999999964493|1.87459999999992|0.729833333333333|0.824044893092164
dccc|naivebayes|3|100|5|0.00649999999877764|2.28630000000048|0.68215|0.782155424962459
dccc|naivebayes|3|100|7|0.00669999999809079|2.72049999999945|0.626716666666667|0.714669135695472
dccc|naivebayes|3|1000|2|0.00769999999902211|1.63919999999998|0.7905|0.876623703754522
dccc|naivebayes|3|1000|3|0.00820000000167056|1.81870000000054|0.76875|0.852056794518983
dccc|naivebayes|3|1000|5|0.0091999999996915|2.26380000000136|0.749266666666667|0.834782412331088
dccc|naivebayes|3|1000|7|0.0103000000017346|2.66070000000036|0.676183333333333|0.749172600770777
dccc|naivebayes|3|10000|2|0.024100000000908|1.6359000000004|0.802116666666667|0.888881302592935
dccc|naivebayes|3|10000|3|0.0257000000005064|1.87410000000018|0.8073|0.88799606743329
dccc|naivebayes|3|10000|5|0.0288000000007742|2.27899999999936|0.8089|0.886665821111022
dccc|naivebayes|3|10000|7|0.032199999999284|2.70989999999874|0.802083333333333|0.879774865586521
dccc|naivebayes|10|100|2|0.0150000000001455|5.17169999999969|0.80155|0.887799491941936
dccc|naivebayes|10|100|3|0.016299999999319|5.95640000000058|0.80675|0.889521274761505
dccc|naivebayes|10|100|5|0.0195999999996275|7.34419999999955|0.773283333333333|0.860128587593843
dccc|naivebayes|10|100|7|0.0217000000004191|8.80469999999914|0.768866666666667|0.852912658177347
dccc|naivebayes|10|1000|2|0.0230999999992491|5.20890000000072|0.800066666666667|0.888420844827191
dccc|naivebayes|10|1000|3|0.0249999999992724|5.90469999999987|0.813116666666667|0.892755619364323
dccc|naivebayes|10|1000|5|0.0290000000000873|7.31890000000203|0.812183333333333|0.889288119820244
dccc|naivebayes|10|1000|7|0.0324000000000524|8.76460000000079|0.773083333333333|0.855120945089266
dccc|naivebayes|10|10000|2|0.0785999999992782|5.2343000000008|0.803766666666667|0.889837417132004
dccc|naivebayes|10|10000|3|0.0847999999983585|5.95369999999966|0.8084|0.890536009910298
dccc|naivebayes|10|10000|5|0.0953999999997905|7.34560000000056|0.81435|0.89131106571735
dccc|naivebayes|10|10000|7|0.106000000000495|8.76890000000203|0.810283333333333|0.885957742539443
dccc|naivebayes|30|100|2|0.043399999999383|15.9186999999991|0.8005|0.88842870226825
dccc|naivebayes|30|100|3|0.0464000000007218|18.0916000000005|0.8113|0.891866492865002
dccc|naivebayes|30|100|5|0.0550000000010186|22.4010000000017|0.791383333333333|0.871387127512232
dccc|naivebayes|30|100|7|0.0633999999998196|26.6723999999995|0.769866666666667|0.852655214242284
dccc|naivebayes|30|1000|2|0.0671000000002095|15.8690999999999|0.801966666666667|0.889142979413292
dccc|naivebayes|30|1000|3|0.0719000000004598|18.1436000000002|0.813466666666667|0.893264275923976
dccc|naivebayes|30|1000|5|0.082999999999447|22.3067000000003|0.8139|0.89000029591709
dccc|naivebayes|30|1000|7|0.0919999999990978|26.6563999999998|0.798883333333333|0.874619408328326
dccc|naivebayes|30|10000|2|0.256000000000495|15.7988999999994|0.8016|0.889129262549074
dccc|naivebayes|30|10000|3|0.26530000000057|17.9964000000007|0.808166666666667|0.891166791613254
dccc|naivebayes|30|10000|5|0.29289999999819|22.5277999999998|0.8155|0.891595524906554
dccc|naivebayes|30|10000|7|0.320599999999831|26.6738999999994|0.814816666666667|0.888196819720048
dccc|naivebayes|100|100|2|0.13720000000103|54.1092000000019|0.799466666666667|0.888091412911458
dccc|naivebayes|100|100|3|0.153800000001502|62.4537999999986|0.81255|0.892426410905588
dccc|naivebayes|100|100|5|0.182099999999627|76.5883000000002|0.814866666666667|0.888897802468186
dccc|naivebayes|100|100|7|0.212799999999697|90.6718999999983|0.777033333333333|0.858399320427513
dccc|naivebayes|100|1000|2|0.223100000000704|55.3721000000005|0.798|0.887497483130984
dccc|naivebayes|100|1000|3|0.242500000000291|62.0382000000012|0.81205|0.892797604936394
dccc|naivebayes|100|1000|5|0.278300000000309|76.9737000000008|0.816716666666667|0.891612061043526
dccc|naivebayes|100|1000|7|0.348300000000017|100.648200000001|0.808066666666667|0.882333987725898
dccc|naivebayes|100|10000|2|0.831800000000658|54.143299999999|0.797166666666667|0.887137160344988
dccc|naivebayes|100|10000|3|0.916199999999662|62.4128000000004|0.81225|0.893109054481718
dccc|naivebayes|100|10000|5|1.02190000000119|76.5415000000001|0.816866666666667|0.892264741329255
dccc|naivebayes|100|10000|7|1.18699999999881|90.4097999999998|0.813833333333333|0.887571630708922
dccc|naivebayes_l1|10|100|3|0.0159000000006927|5.9239999999998|0.7953|0.880669059660492
dccc|naivebayes_l1|10|100|7|0.0225000000005821|8.72980000000098|0.7056|0.789753006182629
dccc|naivebayes_l1|10|1000|3|0.0261999999995169|5.91169999999984|0.792116666666667|0.880013094945607
dccc|naivebayes_l1|10|1000|7|0.0330999999998312|8.69239999999845|0.765316666666667|0.845354696124547
dccc|naivebayes_l1|10|10000|3|0.0852000000006228|5.91930000000139|0.79315|0.880991704958184
dccc|naivebayes_l1|10|10000|7|0.109000000001106|8.73470000000088|0.80305|0.878943093818482
dccc|naivebayes_l1|100|100|3|0.162500000001455|62.1257000000012|0.7961|0.881898562794387
dccc|naivebayes_l1|100|100|7|0.217700000001059|90.9949999999997|0.780116666666667|0.859961030919646
dccc|naivebayes_l1|100|1000|3|0.312200000000303|73.5185999999987|0.7988|0.883349734820691
dccc|naivebayes_l1|100|1000|7|0.424300000000949|113.269299999999|0.801833333333333|0.87588978959284
dccc|naivebayes_l1|100|10000|3|1.14839999999895|71.6707999999999|0.797516666666667|0.883101232335951
dccc|naivebayes_l1|100|10000|7|1.44799999999959|102.1162|0.809166666666666|0.882891616704566
dccc|naivebayes_l10|10|100|3|0.0232999999992899|6.87060000000056|0.77665|0.871517618772861
dccc|naivebayes_l10|10|100|7|0.0253000000011525|10.0123|0.755833333333333|0.846310817765155
dccc|naivebayes_l10|10|1000|3|0.0259999999987485|5.99620000000068|0.7876|0.878281478524724
dccc|naivebayes_l10|10|1000|7|0.0340000000003784|8.72170000000042|0.795633333333333|0.874736209980177
dccc|naivebayes_l10|10|10000|3|0.085999999998603|5.93989999999976|0.791216666666667|0.88050167528537
dccc|naivebayes_l10|10|10000|7|0.109199999999692|8.73950000000113|0.803483333333333|0.879957903345297
dccc|naivebayes_l10|100|100|3|0.184499999999389|68.1675000000003|0.779583333333333|0.876078836998474
dccc|naivebayes_l10|100|100|7|0.236599999998725|101.865100000001|0.7756|0.861473379731523
dccc|naivebayes_l10|100|1000|3|0.288300000000891|69.5534|0.790083333333333|0.880401410832144
dccc|naivebayes_l10|100|1000|7|0.334000000000378|93.4498000000014|0.805283333333333|0.880851259208284
dccc|naivebayes_l10|100|10000|3|1.02410000000091|68.3670000000006|0.796666666666667|0.883173611435274
dccc|naivebayes_l10|100|10000|7|1.30089999999982|101.522700000001|0.805683333333333|0.880811355851962
dccc|bagging|1|100|0|0.904999999999927|0.145999999999913|0.720833333333333|0.819873104634907
dccc|bagging|1|1000|0|0.903999999999723|0.129000000000087|0.720833333333333|0.819873104634907
dccc|bagging|1|10000|0|0.897000000000116|0.135999999998967|0.720833333333333|0.819873104634907
dccc|bagging|200|100|0|1.47200000000048|0.325|0.812916666666667|0.890363641756931
dccc|bagging|200|1000|0|3.43100000000049|0.903999999999723|0.820916666666667|0.892413436397837
dccc|bagging|200|10000|0|33.9960000000006|8.93399999999965|0.819366666666667|0.890996514440688
dccc|bagging|500|100|0|3.12999999999993|0.797000000000116|0.81275|0.890292797924277
dccc|bagging|500|1000|0|8.19200000000019|2.125|0.820516666666667|0.892239980361423
dccc|bagging|500|10000|0|77.0869999999995|20.4800000000003|0.819233333333333|0.890977329377996
dccc|bagging|700|100|0|3.88000000000029|0.961999999999534|0.813033333333333|0.890606205242302
dccc|bagging|700|1000|0|10.9400000000001|2.9679999999993|0.82065|0.892330773717146
dccc|bagging|700|10000|0|111.868|30.0059999999994|0.819316666666667|0.891028714245211
