lr|rpart|1|100|2|0.00550000000001774|0.104999999999973|0.1261|0.365478750601845
lr|rpart|1|100|3|0.00499999999997272|0.107500000000005|0.133075|0.210260141523806
lr|rpart|1|100|5|0.00630000000001019|0.113299999999981|0.1603|0.416090828484724
lr|rpart|1|100|7|0.00740000000000691|0.117600000000004|0.15265|0.38833808850131
lr|rpart|1|1000|2|0.009699999999998|0.118899999999996|0.14695|0.280426499429606
lr|rpart|1|1000|3|0.0134000000000128|0.116300000000001|0.193575|0.496739957968353
lr|rpart|1|1000|5|0.0187000000000012|0.109400000000016|0.2582|0.583351836475864
lr|rpart|1|1000|7|0.023599999999999|0.103099999999984|0.334375|0.635183635298076
lr|rpart|1|10000|2|0.0525000000000091|0.104699999999991|0.15705|0.48602035503987
lr|rpart|1|10000|3|0.0801999999999794|0.108100000000013|0.194325|0.412316177113115
lr|rpart|1|10000|5|0.124200000000019|0.110000000000048|0.284175|0.595551644511772
lr|rpart|1|10000|7|0.161199999999997|0.106099999999992|0.36885|0.686948702513934
lr|rpart|1|100000|2|1.06399999999999|0.106599999999992|0.153525|0.420256079951168
lr|rpart|1|100000|3|1.66520000000002|0.104899999999998|0.199475|0.482711039030377
lr|rpart|1|100000|5|2.52140000000001|0.106400000000008|0.285375|0.549560472905885
lr|rpart|1|100000|7|3.40799999999999|0.105600000000004|0.32105|0.595869506706782
lr|rpart|3|100|2|0.0111999999999966|0.194700000000023|0.12515|0.277361101577129
lr|rpart|3|100|3|0.0116999999999734|0.196600000000001|0.13845|0.242053586624228
lr|rpart|3|100|5|0.0133999999999901|0.192000000000007|0.14335|0.270722324190065
lr|rpart|3|100|7|0.0160000000000196|0.19609999999999|0.158075|0.280526417198708
lr|rpart|3|1000|2|0.0255999999999858|0.200000000000023|0.176825|0.237165863759703
lr|rpart|3|1000|3|0.0374000000000251|0.195600000000002|0.207225|0.348639057120511
lr|rpart|3|1000|5|0.0528999999999769|0.202899999999977|0.328525|0.475173103883928
lr|rpart|3|1000|7|0.0691999999999894|0.196699999999987|0.3832|0.619341651167522
lr|rpart|3|10000|2|0.154399999999998|0.19369999999999|0.17665|0.27894890811024
lr|rpart|3|10000|3|0.231899999999985|0.200600000000031|0.237575|0.433407948086953
lr|rpart|3|10000|5|0.368600000000004|0.203400000000011|0.31805|0.477796105946423
lr|rpart|3|10000|7|0.510399999999993|0.196499999999992|0.372725|0.608010544321995
lr|rpart|3|100000|2|3.25739999999998|0.198400000000004|0.164575|0.423651873784948
lr|rpart|3|100000|3|4.9592|0.197099999999978|0.226125|0.426214360031257
lr|rpart|3|100000|5|7.48249999999999|0.196899999999982|0.32605|0.481498337641727
lr|rpart|3|100000|7|10.0333|0.195499999999993|0.388575|0.575599483849899
lr|rpart|10|100|2|0.0331000000000131|0.494599999999946|0.177|0.244225042278669
lr|rpart|10|100|3|0.0360000000000355|0.499800000000005|0.21035|0.260434674592796
lr|rpart|10|100|5|0.0412000000000035|0.508999999999946|0.25235|0.419951152368499
lr|rpart|10|100|7|0.0465999999999212|0.497899999999959|0.2949|0.438673926443907
lr|rpart|10|1000|2|0.0827000000000908|0.505999999999995|0.26275|0.411537185505592
lr|rpart|10|1000|3|0.116500000000019|0.497600000000034|0.368975|0.572575869018299
lr|rpart|10|1000|5|0.173699999999985|0.518000000000006|0.462575|0.65981649654312
lr|rpart|10|1000|7|0.222300000000041|0.489900000000011|0.5109|0.763537737270035
lr|rpart|10|10000|2|0.509000000000015|0.488600000000019|0.242925|0.533064680823229
lr|rpart|10|10000|3|0.791300000000047|0.494900000000007|0.3417|0.467832388267513
lr|rpart|10|10000|5|1.23439999999996|0.497300000000041|0.437825|0.63140058074429
lr|rpart|10|10000|7|1.65350000000001|0.486900000000014|0.489475|0.743882394832007
lr|rpart|10|100000|2|10.285|0.504599999999982|0.260325|0.436161810713795
lr|rpart|10|100000|3|16.2319|0.497600000000011|0.3237|0.469860219514749
lr|rpart|10|100000|5|25.2291|0.503100000000018|0.4713|0.697440726682465
lr|rpart|10|100000|7|33.4612|0.51400000000001|0.46895|0.739735844902965
lr|rpart|30|100|2|0.102299999999923|1.29659999999994|0.286075|0.40073787522344
lr|rpart|30|100|3|0.108100000000059|1.29929999999999|0.322175|0.462751840858486
lr|rpart|30|100|5|0.123099999999886|1.33169999999996|0.367|0.511565092394195
lr|rpart|30|100|7|0.141999999999916|1.3175999999999|0.402725|0.553251862750195
lr|rpart|30|1000|2|0.250500000000011|1.28919999999998|0.360475|0.547724432561782
lr|rpart|30|1000|3|0.353899999999976|1.32190000000005|0.461425|0.609315556768158
lr|rpart|30|1000|5|0.523100000000113|1.31509999999998|0.541375|0.728376527556219
lr|rpart|30|1000|7|0.67060000000015|1.3206000000001|0.572575|0.776445741479427
lr|rpart|30|10000|2|1.55429999999997|1.29979999999996|0.349775|0.536272555755134
lr|rpart|30|10000|3|2.39909999999995|1.31429999999996|0.4361|0.64048742171652
lr|rpart|30|10000|5|3.69720000000007|1.32710000000002|0.514025|0.705294157900098
lr|rpart|30|10000|7|5.02819999999988|1.34150000000004|0.534|0.763504922179729
lr|rpart|30|100000|2|31.9258000000001|1.36800000000007|0.305775|0.478616343794649
lr|rpart|30|100000|3|48.1116|1.33950000000004|0.423375|0.628686110460307
lr|rpart|30|100000|5|78.4236|1.37780000000002|0.4981|0.67730662643559
lr|rpart|30|100000|7|111.2548|1.47039999999997|0.524825|0.746799595464493
lr|rpart|100|100|2|0.344300000000112|4.1366|0.3753|0.440084237367853
lr|rpart|100|100|3|0.416100000000097|4.45810000000001|0.425125|0.492649083295447
lr|rpart|100|100|5|0.501199999999881|4.74270000000006|0.47625|0.51806975715226
lr|rpart|100|100|7|0.604199999999764|4.92409999999991|0.492575|0.612054030046534
lr|rpart|100|1000|2|0.992399999999998|4.8244999999999|0.457625|0.642324268475568
lr|rpart|100|1000|3|1.37660000000014|4.96050000000005|0.527425|0.673498205122688
lr|rpart|100|1000|5|2.05180000000009|5.5063000000001|0.58105|0.737548755518652
lr|rpart|100|1000|7|2.67590000000009|5.11889999999994|0.605675|0.770862227086874
lr|rpart|100|10000|2|6.4098|4.9405999999999|0.375975|0.644008663468851
lr|rpart|100|10000|3|9.88129999999992|5.56169999999993|0.47285|0.603141964376694
lr|rpart|100|10000|5|15.3448000000001|5.44209999999994|0.533075|0.707890558829311
lr|rpart|100|10000|7|21.4859|5.20450000000001|0.548325|0.772795774981743
lr|naivebayes|1|100|2|0.00960000000004584|0.634299999999985|0.1221|0.351259168284901
lr|naivebayes|1|100|3|0.00380000000031941|0.785099999999966|0.1358|0.275829611980587
lr|naivebayes|1|100|5|0.00510000000003856|0.900099999999838|0.1907|0.377458621694528
lr|naivebayes|1|100|7|0.00620000000008076|0.987999999999829|0.21695|0.436326935562674
lr|naivebayes|1|1000|2|0.00450000000028012|0.701000000000022|0.165025|0.239004321248677
lr|naivebayes|1|1000|3|0.00469999999995707|0.7746000000001|0.19695|0.350549828040022
lr|naivebayes|1|1000|5|0.00519999999996799|0.79940000000006|0.318575|0.525534367343182
lr|naivebayes|1|1000|7|0.00719999999992069|0.956400000000031|0.4143|0.726782361106523
lr|naivebayes|1|10000|2|0.00839999999989232|0.612300000000141|0.167775|0.429921239504158
lr|naivebayes|1|10000|3|0.00929999999998472|0.682700000000023|0.2395|0.372828857844335
lr|naivebayes|1|10000|5|0.0118999999996959|0.851699999999892|0.360925|0.620968735778567
lr|naivebayes|1|10000|7|0.0149000000000342|0.993399999999929|0.4471|0.670692871491959
lr|naivebayes|3|100|2|0.00840000000007421|1.78509999999997|0.113675|0.247516326081673
lr|naivebayes|3|100|3|0.0104000000000269|2.04899999999989|0.1549|0.340310671643975
lr|naivebayes|3|100|5|0.0146999999998116|2.55779999999986|0.2074|0.449301752897892
lr|naivebayes|3|100|7|0.0182000000000698|3.19690000000001|0.27005|0.494800475813095
lr|naivebayes|3|1000|2|0.0102000000000771|1.80089999999982|0.186175|0.343720059169964
lr|naivebayes|3|1000|3|0.0145000000001346|1.93239999999996|0.228225|0.401396478370621
lr|naivebayes|3|1000|5|0.0160999999999149|2.37829999999994|0.3637|0.566038177937623
lr|naivebayes|3|1000|7|0.0229999999999563|2.78780000000015|0.458825|0.677877275273449
lr|naivebayes|3|10000|2|0.0285000000000764|1.92250000000013|0.1656|0.300345096073448
lr|naivebayes|3|10000|3|0.0315999999998894|2.0313000000001|0.268675|0.443330485153756
lr|naivebayes|3|10000|5|0.0369999999998981|2.79460000000008|0.383|0.534109241633937
lr|naivebayes|3|10000|7|0.0479000000001179|3.3009|0.481875|0.65555265716993
lr|naivebayes|10|100|2|0.0238000000001193|5.54609999999984|0.225725|0.409740507817846
lr|naivebayes|10|100|3|0.0325999999999112|6.58590000000004|0.27855|0.481134091837888
lr|naivebayes|10|100|5|0.0459000000000742|8.81659999999993|0.37445|0.619737459794395
lr|naivebayes|10|100|7|0.0859999999999673|11.9759999999999|0.458475|0.742236900928966
lr|naivebayes|10|1000|2|0.0379000000001724|6.61459999999979|0.274225|0.509164146819123
lr|naivebayes|10|1000|3|0.0449999999998909|7.40309999999981|0.36995|0.56930920869571
lr|naivebayes|10|1000|5|0.0553999999999178|8.75219999999999|0.522275|0.73893197322157
lr|naivebayes|10|1000|7|0.0648999999997613|8.95560000000014|0.570675|0.766495850872694
lr|naivebayes|10|10000|2|0.0914999999999964|5.6755000000001|0.26575|0.479298229585966
lr|naivebayes|10|10000|3|0.11309999999994|7.27060000000001|0.385225|0.582753504605244
lr|naivebayes|10|10000|5|0.133700000000044|8.35219999999999|0.5161|0.694315615860762
lr|naivebayes|10|10000|7|0.145999999999731|9.31390000000019|0.57485|0.78756986470866
lr|naivebayes|30|100|2|0.0783000000004904|17.5438999999997|0.345875|0.603812805362455
lr|naivebayes|30|100|3|0.0968999999997322|19.8890000000003|0.43625|0.729820900428699
lr|naivebayes|30|100|5|0.144700000000194|26.8318000000003|0.530475|0.801625379731091
lr|naivebayes|30|100|7|0.168599999999969|30.6745000000003|0.5624|0.836309312478555
lr|naivebayes|30|1000|2|0.113099999999577|18.2443000000001|0.3768|0.614705744522997
lr|naivebayes|30|1000|3|0.108799999999974|18.8201999999999|0.474325|0.673240582957841
lr|naivebayes|30|1000|5|0.173299999999654|23.3435999999998|0.574175|0.77824270322911
lr|naivebayes|30|1000|7|0.188800000000083|27.9075999999997|0.618225|0.827422456710554
lr|naivebayes|30|10000|2|0.271500000000378|17.1343999999996|0.3507|0.628557370487942
lr|naivebayes|30|10000|3|0.327500000000327|19.2365999999998|0.434125|0.670465304080596
lr|naivebayes|30|10000|5|0.398100000000341|23.8888000000001|0.566475|0.758249421557028
lr|naivebayes|30|10000|7|0.45139999999974|28.1739|0.605175|0.813427357471181
lr|naivebayes|100|100|2|0.233599999999569|57.6262999999999|0.47415|0.720278007160137
lr|naivebayes|100|100|3|0.280499999999847|60.3959000000001|0.55265|0.795930267248699
lr|naivebayes|100|100|5|0.423700000000281|78.8070000000005|0.62525|0.8501897583266
lr|naivebayes|100|100|7|0.594400000000314|93.7493000000004|0.658775|0.871876459176573
lr|naivebayes|100|1000|2|0.320900000000074|57.9637000000004|0.4415|0.666235003357215
lr|naivebayes|100|1000|3|0.406600000000009|66.8385|0.5158|0.695872939891016
lr|naivebayes|100|1000|5|0.532300000000032|82.9664999999999|0.600925|0.778863897640647
lr|naivebayes|100|1000|7|0.691900000000169|93.0114000000001|0.6393|0.818390074895739
lr|rpart_cms10_ccp1|10|100|3|0.0296000000002095|0.499700000000303|0.0396|0.0787704130643612
lr|rpart_cms10_ccp1|10|100|7|0.0373999999999796|0.495900000000984|0.039525|0.0787704130643612
lr|rpart_cms10_ccp1|10|1000|7|0.0411000000010972|0.477000000000407|0.039275|0.0787704130643612
lr|rpart_cms10_ccp1|100|100|3|0.31239999999998|4.93369999999959|0.037525|0.0787704130643612
lr|rpart_cms10_ccp1|100|100|7|0.306000000000495|4.17640000000065|0.039525|0.0787704130643612
lr|rpart_cms10_ccp1|100|1000|7|0.451499999999578|4.12630000000063|0.038375|0.0787704130643612
lr|rpart_cms30_ccp0001_cmd15|10|100|3|0.0357999999996537|0.489199999999983|0.1735|0.281217711297067
lr|rpart_cms30_ccp0001_cmd15|10|100|7|0.0424000000002707|0.501599999999235|0.229225|0.341166639622705
lr|rpart_cms30_ccp0001_cmd15|10|1000|3|0.112500000000728|0.512699999999313|0.487525|0.560799400685712
lr|rpart_cms30_ccp0001_cmd15|10|1000|7|0.210299999999916|0.505000000000655|0.6412|0.755857078315681
lr|rpart_cms30_ccp0001_cmd15|10|10000|3|1.00310000000027|0.494799999999668|0.55795|0.637908079906665
lr|rpart_cms30_ccp0001_cmd15|10|10000|7|2.28790000000008|0.512700000000404|0.74345|0.839727993620407
lr|rpart_cms30_ccp0001_cmd15|100|100|3|0.344000000000597|4.2921999999995|0.372075|0.446245393862218
lr|rpart_cms30_ccp0001_cmd15|100|100|7|0.436500000001251|4.38300000000054|0.41535|0.512369540610313
lr|rpart_cms30_ccp0001_cmd15|100|1000|3|1.14089999999924|4.45980000000018|0.68015|0.777316176045349
lr|rpart_cms30_ccp0001_cmd15|100|1000|7|2.14739999999983|4.50139999999992|0.737925|0.83949678229305
lr|rpart_cms30_ccp0001_cmd15|100|10000|3|10.3722000000005|4.44799999999996|0.7012|0.802455787875265
lr|rpart_cms30_ccp0001_cmd15|100|10000|7|23.0308000000001|4.52249999999985|0.8115|0.882563168546076
lr|naivebayes|100|10000|2|0.86140000000014|53.5887999999999|0.3867|0.609847250105682
lr|naivebayes|100|10000|3|0.955900000000474|59.5593000000001|0.474725|0.655143633766506
lr|naivebayes|100|10000|5|1.23220000000038|72.3566999999999|0.57405|0.743832721537039
lr|naivebayes|100|10000|7|1.36189999999951|84.3909000000007|0.60975|0.78171747106012
lr|naivebayes_l1|10|100|3|0.0268999999992957|5.86410000000033|0.272675|0.430714960741371
lr|naivebayes_l1|10|100|7|0.0522000000004482|8.46450000000041|0.429675|0.685811870930025
lr|naivebayes_l1|10|1000|3|0.0369999999998981|5.78030000000035|0.380025|0.551933770871075
lr|naivebayes_l1|10|1000|7|0.0632000000001426|8.37620000000024|0.562975|0.717501019057422
lr|naivebayes_l1|10|10000|3|0.0953999999994267|5.78450000000048|0.35875|0.524667842408874
lr|naivebayes_l1|10|10000|7|0.130400000000373|8.30549999999857|0.56495|0.745915178459166
lr|naivebayes_l1|100|100|3|0.294199999999546|60.2525999999994|0.5295|0.709921676002017
lr|naivebayes_l1|100|100|7|0.531999999999243|88.1213000000007|0.6432|0.82880395007472
lr|naivebayes_l1|100|1000|3|0.360799999999654|59.4530000000006|0.4986|0.637393871629864
lr|naivebayes_l1|100|1000|7|0.627100000000064|84.6494000000002|0.61865|0.792257917843548
lr|naivebayes_l1|100|10000|3|0.961100000000806|59.3623000000003|0.46115|0.618041255782714
lr|naivebayes_l1|100|10000|7|1.3630000000001|84.7001000000011|0.5996|0.779188454752396
lr|naivebayes_l10|10|100|3|0.0274999999994179|5.86379999999954|0.283825|0.474577860193013
lr|naivebayes_l10|10|100|7|0.0522000000000844|8.46709999999985|0.430175|0.705036761147559
lr|naivebayes_l10|10|1000|3|0.0368999999998778|5.76520000000019|0.37915|0.530226920414096
lr|naivebayes_l10|10|1000|7|0.0628999999989901|8.27399999999943|0.5536|0.756263972269869
lr|naivebayes_l10|10|10000|3|0.0942000000002736|5.80070000000014|0.360175|0.569238949043924
lr|naivebayes_l10|10|10000|7|0.131200000000172|8.26810000000078|0.55945|0.755766130440132
lr|naivebayes_l10|100|100|3|0.291100000000006|59.6948999999997|0.5333|0.751272446909028
lr|naivebayes_l10|100|100|7|0.544800000000396|86.1450000000001|0.624575|0.852294600716933
lr|naivebayes_l10|100|1000|3|0.36239999999998|59.4181999999997|0.500525|0.680950897408433
lr|naivebayes_l10|100|1000|7|0.635299999999916|84.7058000000005|0.612825|0.793917458962697
lr|naivebayes_l10|100|10000|3|0.961700000000928|59.3326999999994|0.471275|0.643879528349039
lr|naivebayes_l10|100|10000|7|1.35599999999977|84.6129000000005|0.59975|0.794456126623324
lr|randomForest_r0_n1|1|100|2|0.0900000000000013|0.013000000000001|0.266475|0.51509092341192
lr|randomForest_r0_n5|1|100|2|0.0889999999999979|0.0100000000000001|0.212725|0.41517200883515
lr|randomForest_r0_n10|1|100|2|0.0859999999999992|0.00700000000000074|0.179025|0.398558718968031
lr|randomForest_r1_n1|1|100|2|0.0880000000002838|0.00999999999976353|0.23475|0.488465302132456
lr|randomForest_r1_n5|1|100|2|0.093999999999869|0.0069999999999709|0.22305|0.476365701663069
lr|randomForest_r1_n10|1|100|2|0.0930000000000291|0.0119999999998981|0.202575|0.509633113499235
lr|randomForest_r0_n1|1|100|3|0.0890000000001237|0.0100000000001273|0.26905|0.484856920442063
lr|randomForest_r0_n5|1|100|3|0.0960000000001855|0.00700000000006185|0.260625|0.493708747917155
lr|randomForest_r0_n10|1|100|3|0.0930000000000291|0.00500000000001819|0.21305|0.415277347899819
lr|randomForest_r1_n1|1|100|3|0.0880000000000109|0.00999999999994543|0.292525|0.563408427888196
lr|randomForest_r1_n5|1|100|3|0.0860000000000582|0.0089999999999236|0.2432|0.514763259375867
lr|randomForest_r1_n10|1|100|3|0.08700000000008|0.00300000000006548|0.205125|0.49689291451036
lr|randomForest_r0_n1|1|100|5|0.100000000000182|0.0109999999998763|0.282225|0.479610576554336
lr|randomForest_r0_n5|1|100|5|0.0939999999997781|0.00900000000001455|0.274675|0.526165049215979
lr|randomForest_r0_n10|1|100|5|0.08799999999992|0.00600000000004002|0.22975|0.478231280874743
lr|randomForest_r1_n1|1|100|5|0.0929999999999382|0.00800000000017462|0.300025|0.53634184934829
lr|randomForest_r1_n5|1|100|5|0.0880000000000109|0.00699999999987995|0.270275|0.409875771111914
lr|randomForest_r1_n10|1|100|5|0.103999999999996|0.00799999999990177|0.203475|0.530089886300407
lr|randomForest_r0_n1|1|100|7|0.103999999999905|0.0130000000001928|0.310625|0.510573616536122
lr|randomForest_r0_n5|1|100|7|0.0999999999997272|0.00999999999976353|0.278375|0.435537664828126
lr|randomForest_r0_n10|1|100|7|0.106999999999971|0.0130000000002838|0.2327|0.515831953514043
lr|randomForest_r1_n1|1|100|7|0.1|0.0119999999997162|0.307975|0.459924914473307
lr|randomForest_r1_n5|1|100|7|0.10099999999984|0.00799999999990177|0.274625|0.403950158327133
lr|randomForest_r1_n10|1|100|7|0.102999999999975|0.0110000000001492|0.23165|0.542103768521798
lr|randomForest_r0_n1|1|1000|2|0.104999999999927|0.0109999999999673|0.550125|0.743672372803927
lr|randomForest_r0_n5|1|1000|2|0.113000000000011|0.00500000000001819|0.5057|0.704805935350987
lr|randomForest_r0_n10|1|1000|2|0.1|0.00799999999999272|0.483225|0.693524509697193
lr|randomForest_r1_n1|1|1000|2|0.108999999999833|0.0089999999999236|0.54055|0.768974180626312
lr|randomForest_r1_n5|1|1000|2|0.0980000000002292|0.00500000000001819|0.515575|0.768685791710293
lr|randomForest_r1_n10|1|1000|2|0.0970000000000255|0.00799999999999272|0.4915|0.700043227078438
lr|randomForest_r0_n1|1|1000|3|0.0919999999999163|0.00800000000008367|0.587725|0.791255162207059
lr|randomForest_r0_n5|1|1000|3|0.0999999999997272|0.0100000000000364|0.564425|0.780327768794024
lr|randomForest_r0_n10|1|1000|3|0.108000000000175|0.0150000000000546|0.53265|0.706293736236984
lr|randomForest_r1_n1|1|1000|3|0.0980000000000473|0.00999999999994543|0.57245|0.759311327991719
lr|randomForest_r1_n5|1|1000|3|0.0910000000001673|0.00499999999992724|0.546325|0.757478079922412
lr|randomForest_r1_n10|1|1000|3|0.0939999999997781|0.00600000000004002|0.5313|0.739250631258421
lr|randomForest_r0_n1|1|1000|5|0.0959999999996398|0.00500000000010914|0.6096|0.753204855155645
lr|randomForest_r0_n5|1|1000|5|0.0989999999997053|0.0110000000001492|0.596175|0.802064200847781
lr|randomForest_r0_n10|1|1000|5|0.0870000000002619|0.0119999999998981|0.56905|0.753798223935299
lr|randomForest_r1_n1|1|1000|5|0.104000000000178|0.00900000000001455|0.613775|0.794416884238269
lr|randomForest_r1_n5|1|1000|5|0.0910000000001673|0.00999999999985448|0.582475|0.803769525330084
lr|randomForest_r1_n10|1|1000|5|0.0970000000002074|0.0100000000002183|0.5679|0.760999973504469
lr|randomForest_r0_n1|1|1000|7|0.0900000000000546|0.0140000000001237|0.627625|0.8158058193477
lr|randomForest_r0_n5|1|1000|7|0.0960000000000036|0.00300000000006548|0.613825|0.814961691410744
lr|randomForest_r0_n10|1|1000|7|0.0910000000000764|0.00799999999999272|0.58925|0.815710757757861
lr|randomForest_r1_n1|1|1000|7|0.0960000000000036|0.00800000000008367|0.623825|0.844446285640239
lr|randomForest_r1_n5|1|1000|7|0.0950000000001637|0.00999999999985448|0.59815|0.788915496145786
lr|randomForest_r1_n10|1|1000|7|0.0980000000000473|0.0089999999999236|0.5786|0.819043860673057
lr|randomForest_r0_n1|1|10000|2|0.126000000000022|0.00300000000006548|0.7712|0.899225369635402
lr|randomForest_r0_n5|1|10000|2|0.119999999999982|0.00900000000001455|0.753975|0.877554378639958
lr|randomForest_r0_n10|1|10000|2|0.119000000000051|0.00599999999994907|0.742775|0.865736339055926
lr|randomForest_r1_n1|1|10000|2|0.121000000000004|0.0149999999999636|0.74935|0.876043031030091
lr|randomForest_r1_n5|1|10000|2|0.111999999999989|0.00500000000001819|0.7158|0.860552185174657
lr|randomForest_r1_n10|1|10000|2|0.11200000000008|0.00999999999985448|0.699075|0.872958519072729
lr|randomForest_r0_n1|1|10000|3|0.119999999999891|0.0110000000001492|0.801375|0.909677586582366
lr|randomForest_r0_n5|1|10000|3|0.127999999999884|0.00499999999992724|0.78345|0.893067464597328
lr|randomForest_r0_n10|1|10000|3|0.117999999999665|0.0090000000001055|0.76955|0.891810923987147
lr|randomForest_r1_n1|1|10000|3|0.114999999999964|0.0110000000000582|0.774075|0.896307967720835
lr|randomForest_r1_n5|1|10000|3|0.109000000000105|0.00499999999992724|0.7527|0.887956226649563
lr|randomForest_r1_n10|1|10000|3|0.134999999999945|0.01200000000008|0.742925|0.876805705952181
lr|randomForest_r0_n1|1|10000|5|0.117000000000007|0.00600000000004002|0.823575|0.924173017917027
lr|randomForest_r0_n5|1|10000|5|0.1199999999998|0.00600000000004002|0.808675|0.917795958221054
lr|randomForest_r0_n10|1|10000|5|0.133000000000175|0.00799999999981083|0.7925|0.906033368042543
lr|randomForest_r1_n1|1|10000|5|0.121000000000095|0.0110000000001492|0.797575|0.913069952102904
lr|randomForest_r1_n5|1|10000|5|0.114000000000124|0.0100000000001273|0.780575|0.897512663926623
lr|randomForest_r1_n10|1|10000|5|0.117999999999938|0.00500000000001819|0.759675|0.895995209206371
lr|randomForest_r0_n1|1|10000|7|0.116000000000076|0.0140000000000327|0.831825|0.928396718997209
lr|randomForest_r0_n5|1|10000|7|0.124000000000069|0.00900000000001455|0.8195|0.914219308107105
lr|randomForest_r0_n10|1|10000|7|0.136000000000149|0.00799999999999272|0.806225|0.915755770009891
lr|randomForest_r1_n1|1|10000|7|0.119999999999891|0.00600000000013097|0.812625|0.917398952784488
lr|randomForest_r1_n5|1|10000|7|0.117999999999938|0.00900000000001455|0.7939|0.902287607409938
lr|randomForest_r1_n10|1|10000|7|0.121999999999753|0.00599999999994907|0.775525|0.91152649573499
lr|randomForest_r0_n1|200|100|2|1.13099999999986|0.0599999999997635|0.76315|0.845253139797601
lr|randomForest_r0_n5|200|100|2|1.0630000000001|0.043999999999869|0.71095|0.79061680938308
lr|randomForest_r0_n10|200|100|2|1.05199999999995|0.0409999999999855|0.650625|0.768677774182429
lr|randomForest_r1_n1|200|100|2|1.12199999999993|0.0569999999998799|0.761975|0.832531279535288
lr|randomForest_r1_n5|200|100|2|1.05599999999986|0.0440000000000509|0.7125|0.794440509071016
lr|randomForest_r1_n10|200|100|2|1.04799999999996|0.0450000000000728|0.650175|0.758566024165549
lr|randomForest_r0_n1|200|100|3|1.10699999999988|0.0530000000000655|0.766625|0.836416590369908
lr|randomForest_r0_n5|200|100|3|1.08600000000006|0.0490000000001601|0.718475|0.795065241296088
lr|randomForest_r0_n10|200|100|3|1.06600000000008|0.0460000000000036|0.663075|0.765266656520301
lr|randomForest_r1_n1|200|100|3|1.12900000000018|0.0550000000000182|0.76735|0.84151727619893
lr|randomForest_r1_n5|200|100|3|1.08399999999992|0.0470000000002074|0.72035|0.801441194624351
lr|randomForest_r1_n10|200|100|3|1.0199999999998|0.0440000000001419|0.657675|0.754634489884597
lr|randomForest_r0_n1|200|100|5|1.11300000000001|0.0529999999999745|0.76665|0.845702362857863
lr|randomForest_r0_n5|200|100|5|1.08799999999992|0.0480000000000473|0.72615|0.809079575318995
lr|randomForest_r0_n10|200|100|5|1.01899999999996|0.0389999999999418|0.6616|0.775902999018188
lr|randomForest_r1_n1|200|100|5|1.07099999999991|0.0539999999999054|0.7647|0.839783218554642
lr|randomForest_r1_n5|200|100|5|1.03199999999997|0.0489999999999782|0.72125|0.813654498706003
lr|randomForest_r1_n10|200|100|5|1.00900000000011|0.0419999999999163|0.660025|0.771195008250338
lr|randomForest_r0_n1|200|100|7|1.10799999999999|0.0519999999998618|0.762025|0.851490982279977
lr|randomForest_r0_n5|200|100|7|1.04100000000017|0.043999999999869|0.718125|0.806152026630451
lr|randomForest_r0_n10|200|100|7|1.02899999999991|0.0360000000001492|0.6535|0.775998162258838
lr|randomForest_r1_n1|200|100|7|1.07600000000011|0.0529999999999745|0.758925|0.847589526462199
lr|randomForest_r1_n5|200|100|7|1.03799999999992|0.0420000000002801|0.718975|0.817180024744157
lr|randomForest_r1_n10|200|100|7|1.01400000000021|0.0390000000000327|0.64835|0.773534408731644
lr|randomForest_r0_n1|200|1000|2|1.64699999999993|0.0809999999999491|0.9013|0.948516259195481
lr|randomForest_r0_n5|200|1000|2|1.55900000000001|0.0839999999999236|0.87455|0.923688413146597
lr|randomForest_r0_n10|200|1000|2|1.48400000000001|0.0699999999998909|0.8412|0.904747518045251
lr|randomForest_r1_n1|200|1000|2|1.56099999999997|0.0790000000000873|0.902925|0.947345870060879
lr|randomForest_r1_n5|200|1000|2|1.54400000000005|0.0759999999998399|0.873375|0.921499256098213
lr|randomForest_r1_n10|200|1000|2|1.49700000000012|0.0699999999998909|0.837125|0.897569851997275
lr|randomForest_r0_n1|200|1000|3|1.55200000000004|0.0739999999999782|0.90315|0.954163233286879
lr|randomForest_r0_n5|200|1000|3|1.4939999999996|0.0680000000000291|0.87605|0.932562666401441
lr|randomForest_r0_n10|200|1000|3|1.44299999999985|0.0700000000002547|0.845925|0.918951549981126
lr|randomForest_r1_n1|200|1000|3|1.54599999999982|0.0770000000000437|0.901325|0.95103078529399
lr|randomForest_r1_n5|200|1000|3|1.48699999999999|0.0750000000001819|0.8753|0.931678278166539
lr|randomForest_r1_n10|200|1000|3|1.46199999999999|0.0670000000000982|0.843025|0.916190548880766
lr|randomForest_r0_n1|200|1000|5|1.56900000000005|0.0710000000000036|0.89865|0.956948951031479
lr|randomForest_r0_n5|200|1000|5|1.50100000000011|0.0659999999999854|0.876425|0.949753882486738
lr|randomForest_r0_n10|200|1000|5|1.45699999999988|0.0659999999999854|0.84545|0.935945537452953
lr|randomForest_r1_n1|200|1000|5|1.59800000000005|0.0740000000001601|0.899375|0.957854845368311
lr|randomForest_r1_n5|200|1000|5|1.49599999999982|0.0679999999997563|0.874475|0.947614458715378
lr|randomForest_r1_n10|200|1000|5|1.46999999999989|0.0630000000000109|0.84395|0.93691259684179
lr|randomForest_r0_n1|200|1000|7|1.59799999999987|0.0760000000002947|0.8956|0.963711401083326
lr|randomForest_r0_n5|200|1000|7|1.53400000000001|0.0650000000001455|0.871825|0.955764146175077
lr|randomForest_r0_n10|200|1000|7|1.51599999999999|0.0640000000000327|0.842025|0.938517824222267
lr|randomForest_r1_n1|200|1000|7|1.60299999999988|0.0780000000000655|0.894275|0.961567673448154
lr|randomForest_r1_n5|200|1000|7|1.49399999999996|0.0649999999999636|0.87035|0.955461904220797
lr|randomForest_r1_n10|200|1000|7|1.43299999999999|0.06200000000008|0.84125|0.940038502049207
lr|randomForest_r0_n1|200|10000|2|6.38500000000013|0.121999999999935|0.9622|0.988659380080099
lr|randomForest_r0_n5|200|10000|2|6.3380000000001|0.115000000000146|0.954125|0.987097902890324
lr|randomForest_r0_n10|200|10000|2|6.09200000000001|0.100000000000364|0.94315|0.985163436947749
lr|randomForest_r1_n1|200|10000|2|5.62900000000027|0.121000000000095|0.95685|0.98867518995657
lr|randomForest_r1_n5|200|10000|2|5.38600000000006|0.118999999999505|0.949125|0.985514551722299
lr|randomForest_r1_n10|200|10000|2|4.82899999999991|0.0969999999999345|0.9373|0.984240804280222
lr|randomForest_r0_n1|200|10000|3|6.67500000000018|0.11399999999976|0.963275|0.991478631596421
lr|randomForest_r0_n5|200|10000|3|6.37800000000007|0.102000000000044|0.9575|0.989296215835944
lr|randomForest_r0_n10|200|10000|3|5.98200000000034|0.102000000000226|0.94725|0.986740692916677
lr|randomForest_r1_n1|200|10000|3|5.58700000000026|0.112999999999556|0.958225|0.990851709901736
lr|randomForest_r1_n5|200|10000|3|5.03199999999997|0.0960000000000946|0.95185|0.992099582369119
lr|randomForest_r1_n10|200|10000|3|4.77000000000007|0.0879999999997381|0.94125|0.986083903939193
lr|randomForest_r0_n1|200|10000|5|6.45699999999997|0.105999999999767|0.96245|0.989919194626889
lr|randomForest_r0_n5|200|10000|5|6.16900000000023|0.104000000000269|0.957075|0.988984707900172
lr|randomForest_r0_n10|200|10000|5|6.01600000000035|0.0940000000000509|0.946825|0.986760333026047
lr|randomForest_r1_n1|200|10000|5|5.21499999999978|0.1|0.95775|0.990861567396519
lr|randomForest_r1_n5|200|10000|5|5.04500000000007|0.093000000000211|0.951575|0.990220795075238
lr|randomForest_r1_n10|200|10000|5|4.87899999999972|0.0930000000000291|0.9406|0.986399266517056
lr|randomForest_r0_n1|200|10000|7|6.61299999999992|0.104000000000087|0.96095|0.992111505198181
lr|randomForest_r0_n5|200|10000|7|6.41999999999989|0.0929999999998472|0.955925|0.991478631596421
lr|randomForest_r0_n10|200|10000|7|6.21900000000023|0.0899999999999636|0.9458|0.988962933440018
lr|randomForest_r1_n1|200|10000|7|5.33000000000029|0.0960000000002765|0.957375|0.99147658456326
lr|randomForest_r1_n5|200|10000|7|5.16700000000001|0.0909999999999855|0.949825|0.990855671581209
lr|randomForest_r1_n10|200|10000|7|5.02099999999991|0.0850000000002183|0.939375|0.988613299387875
lr|randomForest_r0_n1|500|100|2|2.36999999999971|0.112999999999738|0.7843|0.832655630258827
lr|randomForest_r0_n5|500|100|2|2.22999999999975|0.0970000000001164|0.730575|0.792746543915058
lr|randomForest_r0_n10|500|100|2|2.15200000000023|0.0759999999998399|0.670925|0.779155832185387
lr|randomForest_r1_n1|500|100|2|2.36700000000001|0.119000000000051|0.78075|0.840716167661579
lr|randomForest_r1_n5|500|100|2|2.23599999999951|0.093000000000211|0.7334|0.793864523273999
lr|randomForest_r1_n10|500|100|2|2.17200000000012|0.0779999999998836|0.673225|0.778192302890122
lr|randomForest_r0_n1|500|100|3|2.56600000000017|0.121000000000095|0.78195|0.84191674933801
lr|randomForest_r0_n5|500|100|3|2.32599999999984|0.0929999999998472|0.73485|0.808382001328976
lr|randomForest_r0_n10|500|100|3|2.25599999999959|0.0820000000003347|0.67655|0.771508358800142
lr|randomForest_r1_n1|500|100|3|2.43700000000008|0.120000000000073|0.78125|0.839410679902893
lr|randomForest_r1_n5|500|100|3|2.28700000000026|0.102000000000226|0.735575|0.804713574172351
lr|randomForest_r1_n10|500|100|3|2.20400000000009|0.081000000000131|0.675475|0.771284121233491
lr|randomForest_r0_n1|500|100|5|2.39699999999993|0.114000000000124|0.775075|0.843792299770613
lr|randomForest_r0_n5|500|100|5|2.29099999999999|0.0920000000000073|0.73245|0.817766338705837
lr|randomForest_r0_n10|500|100|5|2.24000000000015|0.0739999999999782|0.67155|0.775336702403556
lr|randomForest_r1_n1|500|100|5|2.39599999999991|0.110000000000036|0.77445|0.842229052021022
lr|randomForest_r1_n5|500|100|5|2.27899999999972|0.0970000000002983|0.731975|0.808896438214524
lr|randomForest_r1_n10|500|100|5|2.21299999999956|0.0800000000001091|0.6734|0.776127889268538
lr|randomForest_r0_n1|500|100|7|2.43100000000013|0.110999999999694|0.770475|0.841777735337249
lr|randomForest_r0_n5|500|100|7|2.3239999999998|0.0950000000004366|0.7288|0.817358223377962
lr|randomForest_r0_n10|500|100|7|2.23900000000012|0.0779999999998836|0.66585|0.792856931039672
lr|randomForest_r1_n1|500|100|7|2.41000000000004|0.114000000000306|0.770425|0.842811572043862
lr|randomForest_r1_n5|500|100|7|2.33799999999956|0.102999999999702|0.730775|0.819656463184604
lr|randomForest_r1_n10|500|100|7|2.24699999999975|0.0780000000000655|0.667725|0.788831623093537
lr|randomForest_r0_n1|500|1000|2|3.75199999999986|0.186999999999898|0.907725|0.95076949857356
lr|randomForest_r0_n5|500|1000|2|3.52200000000012|0.168000000000029|0.8795|0.926611663428139
lr|randomForest_r0_n10|500|1000|2|3.38199999999997|0.155000000000291|0.846525|0.904847253464758
lr|randomForest_r1_n1|500|1000|2|3.68200000000015|0.188000000000102|0.906625|0.948998174566739
lr|randomForest_r1_n5|500|1000|2|3.63599999999988|0.172000000000116|0.878375|0.927663964277046
lr|randomForest_r1_n10|500|1000|2|3.66400000000012|0.173999999999978|0.84405|0.903410261595693
lr|randomForest_r0_n1|500|1000|3|4.0239999999998|0.199999999999818|0.908425|0.957579882728447
lr|randomForest_r0_n5|500|1000|3|3.68899999999976|0.163000000000102|0.8817|0.936273925818884
lr|randomForest_r0_n10|500|1000|3|3.66599999999962|0.160000000000036|0.8505|0.920911723268626
lr|randomForest_r1_n1|500|1000|3|3.78700000000008|0.180000000000291|0.9071|0.953412389596525
lr|randomForest_r1_n5|500|1000|3|3.60499999999993|0.168999999999687|0.879625|0.931388760166606
lr|randomForest_r1_n10|500|1000|3|3.52600000000039|0.160000000000036|0.84835|0.91633236660788
lr|randomForest_r0_n1|500|1000|5|3.80199999999986|0.169000000000233|0.903625|0.960665453061037
lr|randomForest_r0_n5|500|1000|5|3.74200000000001|0.170999999999913|0.878225|0.951174396138298
lr|randomForest_r0_n10|500|1000|5|3.59399999999987|0.153000000000247|0.849475|0.940837487334292
lr|randomForest_r1_n1|500|1000|5|3.81700000000019|0.17400000000016|0.902025|0.960374461776728
lr|randomForest_r1_n5|500|1000|5|3.73399999999965|0.165999999999985|0.8768|0.9522100014903
lr|randomForest_r1_n10|500|1000|5|3.70099999999984|0.154999999999927|0.8473|0.936935559553534
lr|randomForest_r0_n1|500|1000|7|3.98399999999983|0.169999999999709|0.898675|0.963988859761737
lr|randomForest_r0_n5|500|1000|7|3.74700000000012|0.153999999999724|0.87475|0.956724947596745
lr|randomForest_r0_n10|500|1000|7|3.64299999999985|0.147000000000116|0.84625|0.941895652536052
lr|randomForest_r1_n1|500|1000|7|3.93300000000017|0.179000000000087|0.896825|0.963990962240595
lr|randomForest_r1_n5|500|1000|7|3.76100000000006|0.160000000000036|0.87415|0.955194295835293
lr|randomForest_r1_n10|500|1000|7|3.66499999999996|0.152000000000226|0.846175|0.939268224996879
lr|randomForest_r0_n1|500|10000|2|16.6279999999999|0.300000000000546|0.96325|0.988355851834216
lr|randomForest_r0_n5|500|10000|2|15.7220000000005|0.276000000000204|0.955825|0.987101958216773
lr|randomForest_r0_n10|500|10000|2|15.2649999999998|0.254000000000451|0.945575|0.984858019050002
lr|randomForest_r1_n1|500|10000|2|13.191|0.282999999999629|0.958375|0.988669312681559
lr|randomForest_r1_n5|500|10000|2|13.1349999999997|0.272999999999774|0.949875|0.985816320457116
lr|randomForest_r1_n10|500|10000|2|12.2669999999996|0.230999999999767|0.938875|0.984546447854524
lr|randomForest_r0_n1|500|10000|3|16.0180000000002|0.292999999999847|0.96425|0.990542191958134
lr|randomForest_r0_n5|500|10000|3|15.1280000000002|0.248999999999614|0.958075|0.988046315350314
lr|randomForest_r0_n10|500|10000|3|14.7380000000003|0.235999999999876|0.94785|0.986738702334052
lr|randomForest_r1_n1|500|10000|3|16.7560000000001|0.3350000000004|0.959925|0.991165170749079
lr|randomForest_r1_n5|500|10000|3|18.5789999999997|0.362000000000262|0.952375|0.988331993499483
lr|randomForest_r1_n10|500|10000|3|13.1069999999998|0.23799999999992|0.940125|0.986097892577148
lr|randomForest_r0_n1|500|10000|5|23.3690000000002|0.375000000000182|0.963825|0.991794082671366
lr|randomForest_r0_n5|500|10000|5|24.509|0.376000000000204|0.958225|0.990232692790263
lr|randomForest_r0_n10|500|10000|5|21.8450000000001|0.320000000000255|0.948975|0.988966838788545
lr|randomForest_r1_n1|500|10000|5|19.4050000000001|0.355999999999949|0.95915|0.992107543518709
lr|randomForest_r1_n5|500|10000|5|20.3220000000003|0.344999999999709|0.9521|0.989296215835944
lr|randomForest_r1_n10|500|10000|5|17.6819999999998|0.301000000000386|0.9419|0.987357593752002
lr|randomForest_r0_n1|500|10000|7|23.5139999999998|0.326000000000022|0.9615|0.990857643033079
lr|randomForest_r0_n5|500|10000|7|22.6490000000003|0.297999999999956|0.956075|0.991167142200949
lr|randomForest_r0_n10|500|10000|7|17.1839999999996|0.232000000000698|0.946725|0.990540220506264
lr|randomForest_r1_n1|500|10000|7|14.1639999999998|0.252999999999884|0.95805|0.990540220506264
lr|randomForest_r1_n5|500|10000|7|13.3760000000002|0.223000000000138|0.95085|0.99022672820658
lr|randomForest_r1_n10|500|10000|7|12.9400000000001|0.217000000000189|0.940725|0.988311963250003
lr|randomForest_r0_n1|700|100|2|3.45300000000007|0.164999999999782|0.785175|0.837238293496498
lr|randomForest_r0_n5|700|100|2|3.01899999999969|0.134000000000015|0.7308|0.793433290121774
lr|randomForest_r0_n10|700|100|2|3.03899999999976|0.110999999999694|0.676375|0.771594533480619
lr|randomForest_r1_n1|700|100|2|3.33300000000017|0.168999999999869|0.786775|0.838737024846769
lr|randomForest_r1_n5|700|100|2|3.10499999999938|0.137000000000626|0.734025|0.789722921839823
lr|randomForest_r1_n10|700|100|2|2.97499999999964|0.113999999999942|0.678425|0.76622009893259
lr|randomForest_r0_n1|700|100|3|3.42199999999975|0.174999999999818|0.783475|0.839759952653559
lr|randomForest_r0_n5|700|100|3|3.1369999999999|0.134999999999673|0.735625|0.805696699554878
lr|randomForest_r0_n10|700|100|3|3.03799999999992|0.110000000000218|0.675675|0.771448688374549
lr|randomForest_r1_n1|700|100|3|3.3340000000002|0.158000000000175|0.783525|0.839483458051593
lr|randomForest_r1_n5|700|100|3|3.04699999999975|0.129999999999927|0.7356|0.798164714438995
lr|randomForest_r1_n10|700|100|3|3.04500000000025|0.112999999999738|0.6753|0.766751424444687
lr|randomForest_r0_n1|700|100|5|3.31800000000003|0.151000000000204|0.776525|0.842466762741508
lr|randomForest_r0_n5|700|100|5|3.2760000000002|0.132000000000153|0.7339|0.816168823906609
lr|randomForest_r0_n10|700|100|5|3.09099999999999|0.116999999999825|0.668425|0.78008887573883
lr|randomForest_r1_n1|700|100|5|3.35199999999932|0.157999999999993|0.776075|0.845796451030057
lr|randomForest_r1_n5|700|100|5|3.19200000000001|0.143999999999505|0.73535|0.813426338108767
lr|randomForest_r1_n10|700|100|5|3.09999999999982|0.111999999999898|0.67105|0.779687661416986
lr|randomForest_r0_n1|700|100|7|3.32000000000007|0.157000000000517|0.7735|0.841569270329314
lr|randomForest_r0_n5|700|100|7|3.24200000000001|0.13700000000008|0.73125|0.823427015051539
lr|randomForest_r0_n10|700|100|7|3.03299999999999|0.107000000000335|0.668|0.787023240740142
lr|randomForest_r1_n1|700|100|7|3.61900000000005|0.166999999999825|0.7729|0.844121600831829
lr|randomForest_r1_n5|700|100|7|3.21000000000022|0.134000000000015|0.7337|0.815410391918942
lr|randomForest_r1_n10|700|100|7|3.12399999999961|0.116000000000349|0.664075|0.778414628036037
lr|randomForest_r0_n1|700|1000|2|5.20300000000007|0.253000000000066|0.907375|0.952504302275073
lr|randomForest_r0_n5|700|1000|2|4.90599999999995|0.235999999999876|0.88095|0.928884253901031
lr|randomForest_r0_n10|700|1000|2|4.69899999999998|0.213999999999942|0.84815|0.905529878237607
lr|randomForest_r1_n1|700|1000|2|5.07799999999952|0.255000000000109|0.907475|0.947926167115326
lr|randomForest_r1_n5|700|1000|2|4.93000000000029|0.234000000000742|0.88055|0.929181303720351
lr|randomForest_r1_n10|700|1000|2|4.80400000000081|0.227000000000044|0.846275|0.906241232687587
lr|randomForest_r0_n1|700|1000|3|5.29300000000003|0.25199999999968|0.9074|0.955100558921664
lr|randomForest_r0_n5|700|1000|3|5.16700000000055|0.240000000000509|0.881075|0.933555231782879
lr|randomForest_r0_n10|700|1000|3|5.07000000000007|0.220000000000437|0.85225|0.919781801012748
lr|randomForest_r1_n1|700|1000|3|5.48300000000017|0.265000000000146|0.908075|0.955178526884756
lr|randomForest_r1_n5|700|1000|3|5.2260000000002|0.242000000000189|0.879225|0.93163006995507
lr|randomForest_r1_n10|700|1000|3|4.9739999999998|0.220000000000437|0.850475|0.917322151219572
lr|randomForest_r0_n1|700|1000|5|5.48400000000038|0.24800000000032|0.903125|0.96105011814697
lr|randomForest_r0_n5|700|1000|5|5.28300000000017|0.232999999999811|0.879225|0.953154592217381
lr|randomForest_r0_n10|700|1000|5|5.02700000000041|0.211000000000422|0.8519|0.937702682850884
lr|randomForest_r1_n1|700|1000|5|5.43700000000026|0.24800000000032|0.903575|0.961021893100967
lr|randomForest_r1_n5|700|1000|5|5.21200000000063|0.232999999999811|0.877325|0.951132605635119
lr|randomForest_r1_n10|700|1000|5|4.90099999999948|0.208000000000538|0.85045|0.933847213750724
lr|randomForest_r0_n1|700|1000|7|5.61000000000022|0.247999999999956|0.89805|0.964940666128752
lr|randomForest_r0_n5|700|1000|7|5.17599999999948|0.217999999999302|0.87485|0.960059530931171
lr|randomForest_r0_n10|700|1000|7|4.88899999999994|0.20099999999984|0.847575|0.946545910466809
lr|randomForest_r1_n1|700|1000|7|5.28800000000047|0.231999999999243|0.896725|0.961783173193492
lr|randomForest_r1_n5|700|1000|7|5.11099999999969|0.21800000000112|0.874375|0.956007339927933
lr|randomForest_r1_n10|700|1000|7|4.95599999999977|0.211999999999534|0.846875|0.939377715598231
lr|randomForest_r0_n1|700|10000|2|22.7009999999998|0.422999999999593|0.963125|0.988355851834216
lr|randomForest_r0_n5|700|10000|2|21.5489999999998|0.379999999999927|0.955575|0.987094022181219
lr|randomForest_r0_n10|700|10000|2|22.2479999999996|0.359999999999127|0.945075|0.983919582845807
lr|randomForest_r1_n1|700|10000|2|18.5720000000005|0.40199999999968|0.959425|0.987732873043271
lr|randomForest_r1_n5|700|10000|2|17.4489999999998|0.361000000000786|0.95045|0.984548513663417
lr|randomForest_r1_n10|700|10000|2|16.3869999999995|0.31900000000096|0.9389|0.98330055365043
lr|randomForest_r0_n1|700|10000|3|21.9719999999998|0.370999999999913|0.96425|0.988978830625161
lr|randomForest_r0_n5|700|10000|3|21.3130000000001|0.359000000000015|0.9585|0.989915270263449
lr|randomForest_r0_n10|700|10000|3|20.3899999999998|0.314000000000669|0.94805|0.985480947612873
lr|randomForest_r1_n1|700|10000|3|17.7640000000003|0.361999999999171|0.96065|0.989292291472504
lr|randomForest_r1_n5|700|10000|3|17.4940000000002|0.331000000000495|0.9524|0.988647387768869
lr|randomForest_r1_n10|700|10000|3|16.3119999999999|0.302999999999884|0.940975|0.985161522181847
lr|randomForest_r0_n1|700|10000|5|23.157|0.374999999999272|0.963525|0.992105553291107
lr|randomForest_r0_n5|700|10000|5|23.1780000000002|0.335999999999694|0.9581|0.991476660144551
lr|randomForest_r0_n10|700|10000|5|20.9779999999999|0.304999999999927|0.9483|0.988657339859856
lr|bagging|1|100|0|0.368000000000029|0.0709999999999127|0.8745|0.933333333333333
lr|bagging|1|1000|0|0.368999999999505|0.0680000000000291|0.8745|0.933333333333333
lr|bagging|1|10000|0|0.363000000000102|0.056000000000131|0.8745|0.933333333333333
lr|bagging|200|100|0|1.18800000000047|0.369000000000233|0.74705|0.86333931551191
lr|bagging|200|1000|0|3.48099999999904|1.28499999999985|0.8828|0.962384391022777
lr|bagging|200|10000|0|23.166|6.84099999999999|0.936125|0.987667685196502
lr|bagging|500|100|0|2.87900000000009|0.944999999999709|0.754975|0.859530749082029
lr|bagging|500|1000|0|8.38300000000054|3.13900000000103|0.88695|0.96758531319584
lr|bagging|3|1000|0|0.230999999999997|0.0430000000000064|0.695575|0.827903582270993
lr|bagging|10|1000|0|0.331999999999999|0.0850000000000051|0.8049|0.885813151546755
lr|bagging|30|1000|0|0.630000000000001|0.196000000000004|0.8528|0.920390684238056
lr|bagging|100|1000|0|1.732|0.612|0.873475|0.932015815190168
lr|randomForest_r0_n50|1|100|2|0.124|0.0180000000000001|0.0997|0.206185567010309
lr|randomForest_r1_n50|1|100|2|0.0709999999999999|0.00600000000000005|0.10255|0.189281305905831
lr|randomForest_r0_n50|1|100|5|0.0710000000000003|0.00399999999999992|0.1155|0.391585652308387
lr|randomForest_r1_n50|1|100|5|0.0739999999999993|0.00500000000000007|0.1286|0.455755279653625
lr|randomForest_r0_n50|1|100|7|0.0800000000000001|0.00699999999999967|0.137475|0.430539703299555
lr|randomForest_r1_n50|1|100|7|0.0780000000000001|0.00400000000000027|0.1268|0.557823129251701
lr|randomForest_r0_n50|1|1000|2|0.0760000000000005|0.00900000000000034|0.365225|0.655308786528406
lr|randomForest_r1_n50|1|1000|2|0.0699999999999992|0.00500000000000007|0.345825|0.654167621395623
lr|randomForest_r0_n50|1|1000|5|0.0789999999999999|0.00600000000000023|0.42795|0.640574599791864
lr|randomForest_r1_n50|1|1000|5|0.0739999999999988|0.00699999999999932|0.426025|0.680744331848328
lr|randomForest_r0_n50|1|1000|7|0.0730000000000004|0.00900000000000034|0.445925|0.689605496981439
lr|randomForest_r1_n50|1|1000|7|0.0829999999999991|0.00600000000000023|0.4396|0.715055105887369
lr|randomForest_r0_n50|1|10000|2|0.101999999999998|0.00700000000000003|0.6405|0.814577092692277
lr|randomForest_r1_n50|1|10000|2|0.0869999999999997|0.00699999999999861|0.59595|0.782757675049211
lr|randomForest_r0_n1|1|100|2|0.070000000000001|0.00700000000000003|0.263725|0.458735290924832
lr|randomForest_r0_n50|1|100|2|0.0760000000000005|0.00600000000000023|0.105725|0.348657919220975
lr|randomForest_r1_n1|1|100|2|0.0769999999999996|0.00799999999999983|0.239025|0.34465118812353
lr|randomForest_r1_n50|1|100|2|0.075|0.0089999999999975|0.106|0.436755071434209
lr|randomForest_r0_n1|1|100|5|0.0809999999999988|0.00600000000000023|0.27695|0.366269909144135
lr|randomForest_r0_n50|1|100|5|0.0799999999999983|0.00799999999999983|0.131575|0.434037683146347
lr|randomForest_r1_n1|1|100|5|0.0790000000000006|0.00899999999999892|0.296275|0.552221307942784
lr|randomForest_r1_n50|1|100|5|0.0790000000000006|0.00700000000000358|0.120925|0.274838166951032
lr|randomForest_r0_n1|1|100|7|0.0879999999999981|0.0100000000000037|0.315075|0.630913309208795
lr|randomForest_r0_n50|1|100|7|0.111|0.0039999999999992|0.136375|0.379198201917343
lr|randomForest_r1_n1|1|100|7|0.0809999999999988|0.0109999999999999|0.29885|0.484425422176953
lr|randomForest_r1_n50|1|100|7|0.0760000000000005|0.00699999999999932|0.13405|0.424881253117846
lr|randomForest_r0_n1|1|1000|2|0.0849999999999994|0.00700000000000074|0.54925|0.743888861712569
lr|randomForest_r0_n50|1|1000|2|0.0890000000000029|0.0039999999999992|0.365575|0.586023858380244
lr|randomForest_r1_n1|1|1000|2|0.0920000000000044|0.00599999999999739|0.56595|0.734590848690437
lr|randomForest_r1_n50|1|1000|2|0.0739999999999995|0.00600000000000023|0.34145|0.603729895714809
lr|randomForest_r0_n1|1|1000|5|0.080000000000004|0.0100000000000009|0.612|0.801331349679183
lr|randomForest_r0_n50|1|1000|5|0.0749999999999972|0.00700000000000074|0.4285|0.664204936618202
lr|randomForest_r1_n1|1|1000|5|0.0769999999999982|0.00899999999999892|0.606175|0.751856098377345
lr|randomForest_r1_n50|1|1000|5|0.0789999999999949|0.00300000000000011|0.423625|0.543445078513978
lr|randomForest_r0_n1|1|1000|7|0.0799999999999954|0.00700000000000216|0.6339|0.800916521717195
lr|randomForest_r0_n50|1|1000|7|0.0830000000000041|0.00500000000000114|0.47275|0.742549590968263
lr|randomForest_r1_n1|1|1000|7|0.0950000000000102|0.00499999999999545|0.636525|0.821790781643267
lr|randomForest_r1_n50|1|1000|7|0.092999999999995|0.00699999999999932|0.463125|0.790035354597801
lr|randomForest_r0_n1|1|10000|2|0.107999999999996|0.00800000000000125|0.772025|0.872977065760503
lr|randomForest_r0_n50|1|10000|2|0.0960000000000008|0.00500000000000398|0.642|0.820102815242234
lr|randomForest_r1_n1|1|10000|2|0.100999999999993|0.00600000000000023|0.751075|0.877261297864419
lr|randomForest_r1_n50|1|10000|2|0.0909999999999997|0.00699999999999363|0.607475|0.780871743952225
lr|randomForest_r0_n1|1|10000|5|0.0900000000000034|0.00600000000000023|0.82885|0.910157708782878
lr|randomForest_r0_n50|1|10000|5|0.0910000000000025|0.00799999999999841|0.716|0.869230361348101
lr|randomForest_r1_n1|1|10000|5|0.0940000000000026|0.00999999999999659|0.802175|0.905014153901708
lr|randomForest_r1_n50|1|10000|5|0.100999999999999|0.00599999999999739|0.6856|0.825749150075979
lr|randomForest_r0_n1|1|10000|7|0.103000000000006|0.00300000000000011|0.835025|0.918107990981439
lr|randomForest_r0_n50|1|10000|7|0.0900000000000034|0.00699999999999932|0.728|0.8548115586863
lr|randomForest_r1_n1|1|10000|7|0.0959999999999979|0.00799999999999841|0.8119|0.904243572154044
lr|randomForest_r1_n50|1|10000|7|0.109000000000003|0.007000000000005|0.70645|0.846485572401069
lr|randomForest_r0_n1|200|100|2|1.066|0.0600000000000023|0.77605|0.818818136015019
lr|randomForest_r0_n50|200|100|2|0.813999999999996|0.0170000000000016|0.48355|0.666056534325827
lr|randomForest_r1_n1|200|100|2|1.01|0.0530000000000001|0.77305|0.823876771413629
lr|randomForest_r1_n50|200|100|2|0.827000000000004|0.0240000000000009|0.4751|0.617786538041234
lr|randomForest_r0_n1|200|100|5|0.985999999999999|0.0450000000000017|0.7702|0.82734871326925
lr|randomForest_r0_n50|200|100|5|0.852999999999989|0.0170000000000073|0.492675|0.608757583350815
lr|randomForest_r1_n1|200|100|5|0.995999999999992|0.0480000000000018|0.77015|0.834123781471496
lr|randomForest_r1_n50|200|100|5|0.901000000000005|0.025|0.49265|0.631902537555389
lr|randomForest_r0_n1|200|100|7|1.089|0.0509999999999934|0.76975|0.825980033312752
lr|randomForest_r0_n50|200|100|7|0.915000000000009|0.0259999999999877|0.469525|0.599047573971049
lr|randomForest_r1_n1|200|100|7|1.076|0.0490000000000009|0.769425|0.823858384253506
lr|randomForest_r1_n50|200|100|7|0.914000000000004|0.0249999999999829|0.48575|0.616718561636172
lr|randomForest_r0_n1|200|1000|2|1.59|0.0779999999999973|0.909375|0.933571715101422
lr|randomForest_r0_n50|200|1000|2|1.30399999999999|0.0470000000000027|0.701425|0.799874852728203
lr|randomForest_r1_n1|200|1000|2|1.65900000000001|0.0850000000000023|0.908575|0.928690271254345
lr|randomForest_r1_n50|200|1000|2|1.201|0.0410000000000025|0.698825|0.800687304390387
lr|randomForest_r0_n1|200|1000|5|1.50500000000001|0.0660000000000025|0.91085|0.950643688327744
lr|randomForest_r0_n50|200|1000|5|1.26299999999999|0.042000000000013|0.704075|0.803231976344117
lr|randomForest_r1_n1|200|1000|5|1.51999999999999|0.0750000000000171|0.910075|0.952817924559576
lr|randomForest_r1_n50|200|1000|5|1.227|0.0460000000000036|0.69675|0.804784070295899
lr|randomForest_r0_n1|200|1000|7|1.56199999999999|0.0709999999999923|0.907425|0.951511432285267
lr|randomForest_r0_n50|200|1000|7|1.25600000000001|0.0399999999999977|0.6975|0.807783362817179
lr|randomForest_r1_n1|200|1000|7|1.53099999999998|0.0659999999999968|0.9081|0.950500739611916
lr|randomForest_r1_n50|200|1000|7|1.24200000000002|0.0459999999999809|0.69375|0.800745173840084
lr|randomForest_r0_n1|200|10000|2|6.47900000000001|0.126999999999998|0.964925|0.986673244517532
lr|randomForest_r0_n50|200|10000|2|5.21700000000002|0.0819999999999936|0.896575|0.940197956950432
lr|randomForest_r1_n1|200|10000|2|5.22299999999998|0.113000000000011|0.961|0.987005404205251
lr|randomForest_r1_n50|200|10000|2|4.23100000000001|0.0740000000000009|0.87805|0.921718327193426
lr|randomForest_r0_n1|200|10000|5|6.435|0.104999999999984|0.9653|0.991304228410383
lr|randomForest_r0_n50|200|10000|5|5.405|0.0760000000000105|0.903575|0.9602776749409
lr|randomForest_r1_n1|200|10000|5|5.21899999999998|0.0990000000000237|0.9632|0.990963165809971
lr|randomForest_r1_n50|200|10000|5|4.35700000000002|0.0719999999999573|0.88745|0.953059022663762
lr|randomForest_r0_n1|200|10000|7|6.48400000000006|0.099000000000035|0.9637|0.990294127702587
lr|randomForest_r0_n50|200|10000|7|5.50900000000004|0.0659999999999854|0.8968|0.958390916722321
lr|randomForest_r1_n1|200|10000|7|5.26500000000001|0.0879999999999882|0.96115|0.989308792170771
lr|randomForest_r1_n50|200|10000|7|4.50000000000002|0.0710000000000491|0.882975|0.952206774266682
lr|randomForest_r0_n1|500|100|2|2.26200000000001|0.113999999999987|0.7882|0.822121698284215
lr|randomForest_r0_n50|500|100|2|1.84800000000002|0.0400000000000091|0.52895|0.651411553230774
lr|randomForest_r1_n1|500|100|2|2.26699999999998|0.113999999999965|0.788|0.82441035853194
lr|randomForest_r1_n50|500|100|2|1.80800000000004|0.0359999999999673|0.52065|0.633409299504153
lr|randomForest_r0_n1|500|100|5|2.27900000000002|0.105000000000018|0.7822|0.825972743265026
lr|randomForest_r0_n50|500|100|5|1.87499999999998|0.0379999999999654|0.52485|0.640797720805692
lr|randomForest_r1_n1|500|100|5|2.25899999999997|0.105999999999949|0.78155|0.831096444319745
lr|randomForest_r1_n50|500|100|5|1.89799999999993|0.0440000000000055|0.51845|0.635772368321712
lr|randomForest_r0_n1|500|100|7|2.26499999999999|0.104000000000019|0.7803|0.821019466339503
lr|randomForest_r0_n50|500|100|7|1.90700000000002|0.0460000000000491|0.50055|0.620065736344101
lr|randomForest_r1_n1|500|100|7|2.26400000000001|0.108999999999992|0.780375|0.822850852565405
lr|randomForest_r1_n50|500|100|7|1.91499999999994|0.0400000000000318|0.5037|0.616467489213534
lr|randomForest_r0_n1|500|1000|2|3.53399999999997|0.175|0.914825|0.938238370947179
lr|randomForest_r0_n50|500|1000|2|2.76300000000001|0.0949999999999591|0.706325|0.80935801129407
lr|randomForest_r1_n1|500|1000|2|3.51099999999999|0.176999999999998|0.914175|0.939902106726385
lr|randomForest_r1_n50|500|1000|2|2.721|0.0970000000000027|0.703|0.800592033255793
lr|randomForest_r0_n1|500|1000|5|3.549|0.161999999999966|0.916625|0.955598465792291
lr|randomForest_r0_n50|500|1000|5|2.85900000000001|0.0930000000000064|0.7049|0.80103926463456
lr|randomForest_r1_n1|500|1000|5|3.50999999999999|0.162000000000012|0.915025|0.953054930724761
lr|randomForest_r1_n50|500|1000|5|2.81500000000001|0.0930000000000064|0.703125|0.799906116422195
lr|randomForest_r0_n1|500|1000|7|3.54899999999998|0.159999999999991|0.912325|0.952604749843937
lr|randomForest_r0_n50|500|1000|7|2.88300000000004|0.0920000000000073|0.699025|0.808976053843632
lr|randomForest_r1_n1|500|1000|7|3.50500000000002|0.153999999999996|0.912|0.951331907769442
lr|randomForest_r1_n50|500|1000|7|2.84899999999998|0.0960000000000036|0.696675|0.800433688741361
lr|randomForest_r0_n1|500|10000|2|15.0819999999999|0.294999999999982|0.966425|0.989966555183946
lr|randomForest_r0_n50|500|10000|2|12.3049999999999|0.184999999999945|0.89805|0.938493072652476
lr|randomForest_r1_n1|500|10000|2|12.322|0.263999999999987|0.963025|0.988318803542261
lr|randomForest_r1_n50|500|10000|2|9.80299999999993|0.171999999999935|0.881375|0.925070397118793
lr|randomForest_r0_n1|500|10000|5|15.2359999999999|0.245999999999958|0.965975|0.993957471809821
lr|randomForest_r0_n50|500|10000|5|12.84|0.173000000000002|0.904725|0.961684207965082
lr|randomForest_r1_n1|500|10000|5|12.381|0.231999999999971|0.96355|0.990309832474639
lr|randomForest_r1_n50|500|10000|5|10.3139999999999|0.16599999999994|0.889125|0.950537342002233
lr|randomForest_r0_n1|500|10000|7|15.666|0.228000000000111|0.96505|0.990633176958243
lr|randomForest_r0_n50|500|10000|7|13.4630000000001|0.16899999999996|0.898025|0.957557414215066
lr|randomForest_r1_n1|500|10000|7|12.6700000000001|0.221000000000004|0.963075|0.988985425316558
lr|randomForest_r1_n50|500|10000|7|10.729|0.164000000000033|0.883225|0.950844513486796
lr|randomForest_r0_n1|700|100|2|3.12600000000011|0.154999999999927|0.79245|0.816721597436109
lr|randomForest_r0_n50|700|100|2|2.53399999999997|0.0549999999999272|0.547675|0.638913193552383
lr|randomForest_r1_n1|700|100|2|3.10399999999986|0.15399999999986|0.791475|0.826603262147027
lr|randomForest_r1_n50|700|100|2|2.51500000000001|0.0540000000000873|0.543|0.618604700150938
lr|randomForest_r0_n1|700|100|5|3.129|0.147000000000025|0.785475|0.820670069743604
lr|randomForest_r0_n50|700|100|5|2.57000000000003|0.0580000000000382|0.527675|0.60888505238068
lr|randomForest_r1_n1|700|100|5|3.12400000000002|0.144000000000005|0.7866|0.824409163829755
lr|randomForest_r1_n50|700|100|5|2.58199999999993|0.0510000000000218|0.53755|0.61305717832464
lr|randomForest_r0_n1|700|100|7|3.14999999999995|0.148000000000002|0.7813|0.826690676361305
lr|randomForest_r0_n50|700|100|7|2.60299999999993|0.0559999999999945|0.5065|0.587210893677261
lr|randomForest_r1_n1|700|100|7|3.11799999999998|0.14399999999996|0.78005|0.822861210070691
lr|randomForest_r1_n50|700|100|7|2.58899999999994|0.0559999999999491|0.5113|0.587640962346478
lr|randomForest_r0_n1|700|1000|2|4.93200000000006|0.248000000000002|0.915325|0.939985219643007
lr|randomForest_r0_n50|700|1000|2|3.86799999999998|0.137000000000035|0.70675|0.809830160130027
lr|randomForest_r1_n1|700|1000|2|4.875|0.248000000000002|0.914825|0.933566868261542
lr|randomForest_r1_n50|700|1000|2|3.89699999999989|0.132999999999902|0.705025|0.806587792143003
lr|randomForest_r0_n1|700|1000|5|4.90999999999985|0.229999999999927|0.917425|0.95643426578658
lr|randomForest_r0_n50|700|1000|5|4.07999999999993|0.130999999999949|0.7041|0.807208126195453
lr|randomForest_r1_n1|700|1000|5|4.85900000000001|0.219000000000051|0.915375|0.952953870887994
lr|randomForest_r1_n50|700|1000|5|4.02200000000003|0.126999999999953|0.701|0.797253057253401
lr|randomForest_r0_n1|700|1000|7|5.00099999999993|0.222999999999956|0.912575|0.952840032688296
lr|randomForest_r0_n50|700|1000|7|4.18399999999992|0.128000000000065|0.6991|0.79792418896432
lr|randomForest_r1_n1|700|1000|7|4.90700000000006|0.219999999999891|0.912175|0.950772647976687
lr|randomForest_r1_n50|700|1000|7|4.07199999999984|0.127000000000044|0.694725|0.800570446758388
lr|randomForest_r0_n1|700|10000|2|20.943|0.387000000000171|0.96715|0.989966555183946
lr|randomForest_r0_n50|700|10000|2|16.7559999999999|0.246000000000004|0.900125|0.938588874288351
lr|randomForest_r1_n1|700|10000|2|16.9939999999999|0.369999999999982|0.9636|0.988978803319043
lr|randomForest_r1_n50|700|10000|2|13.5399999999999|0.233000000000266|0.883025|0.929208730115336
lr|randomForest_r0_n1|700|10000|5|21.1249999999999|0.333000000000084|0.965975|0.992958624122908
lr|randomForest_r0_n50|700|10000|5|17.835|0.238000000000011|0.90615|0.96466888689536
lr|randomForest_r1_n1|700|10000|5|17.0910000000002|0.314999999999873|0.9637|0.990307639857684
lr|randomForest_r1_n50|700|10000|5|14.2999999999999|0.225999999999931|0.889425|0.95086259139246
lr|randomForest_r0_n1|700|10000|7|21.6910000000001|0.31899999999996|0.96485|0.992291979978003
lr|randomForest_r0_n50|700|10000|7|18.5249999999999|0.233000000000084|0.8974|0.957479797802095
lr|randomForest_r1_n1|700|10000|7|17.6260000000001|0.312999999999829|0.96275|0.987656633221851
lr|randomForest_r1_n50|700|10000|7|14.879|0.223999999999978|0.8842|0.950947386136265
lr|randomForest|1|1000|2|0.0779999999999973|0.00600000000000023|0.5427|0.728500381069584
lr|randomForest|1|1000|5|0.075|0.00400000000000205|0.6107|0.791923093483315
lr|randomForest|1|1000|7|0.0779999999999859|0.00599999999999454|0.626075|0.775510316664119
lr|randomForest|3|1000|2|0.0900000000000034|0.00799999999999841|0.6303|0.753078767218402
lr|randomForest|1|1000|3|0.0819999999999936|0.0139999999999986|0.579375|0.770813306985569
lr|randomForest|3|1000|3|0.092999999999995|0.0119999999999891|0.658125|0.789578726960252
lr|randomForest|3|1000|5|0.08900000000001|0.00800000000000409|0.681475|0.82217257855461
lr|randomForest|3|1000|7|0.0870000000000005|0.00600000000000591|0.68865|0.820828678397329
lr|randomForest|10|1000|2|0.138999999999999|0.0129999999999995|0.7847|0.886137652106354
lr|randomForest|10|1000|3|0.14100000000002|0.00899999999999181|0.79815|0.881834602092531
lr|randomForest|10|1000|5|0.143000000000006|0.00800000000000409|0.812475|0.896912640677335
lr|randomForest|10|1000|7|0.144999999999993|0.01400000000001|0.8164|0.899766024891984
lr|randomForest|30|1000|2|0.284999999999991|0.0199999999999932|0.85775|0.913506078517093
lr|randomForest|30|1000|3|0.276999999999998|0.01400000000001|0.86945|0.925351794409754
lr|randomForest|30|1000|5|0.277999999999997|0.0170000000000073|0.86975|0.929363319155465
lr|randomForest|30|1000|7|0.282999999999993|0.0190000000000055|0.86905|0.931178409272837
lr|randomForest|100|1000|2|0.765000000000009|0.0449999999999932|0.9003|0.931337893301101
lr|randomForest|100|1000|3|0.736999999999989|0.0369999999999891|0.83415|0.897345587200828
lr|randomForest|100|1000|5|0.795000000000005|0.0470000000000141|0.89655|0.955857415522151
lr|rpart|1|1000|9|0.0310000000000001|0.132|0.38145|0.7852445605011
lr|rpart|1|1000|11|0.0320000000000005|0.128|0.3896|0.762477842298356
lr|rpart|1|1000|13|0.0440000000000003|0.123|0.433575|0.713093875306744
lr|rpart|1|1000|15|0.0440000000000005|0.117000000000001|0.4518|0.751002729734048
lr|rpart|30|1000|9|0.703|1.426|0.607375|0.783705600653866
lr|rpart|30|1000|11|0.875000000000001|1.466|0.6039|0.774509004717753
lr|rpart|30|1000|13|1.002|1.562|0.612575|0.836599902439919
lr|rpart|30|1000|15|1.127|1.537|0.60085|0.817158792204901
lr|rpart|75|1000|2|0.611000000000001|3.322|0.43815|0.593186128388326
lr|rpart|75|1000|3|0.872999999999999|3.38|0.519925|0.659594822156504
lr|rpart|75|1000|5|1.26600000000001|3.542|0.564725|0.698753474959944
lr|rpart|75|1000|7|1.46800000000001|3.26799999999999|0.5979|0.73816557310107
lr|rpart|50|1000|2|0.407999999999993|2.19499999999999|0.40515|0.599803199743739
lr|rpart|50|1000|3|0.564000000000004|2.20099999999999|0.496925|0.655780877027121
lr|rpart|50|1000|5|0.771999999999991|2.23000000000001|0.569|0.703908713398781
lr|rpart|50|1000|7|0.983000000000004|2.21999999999999|0.592525|0.739866178315247
lr|rpart|75|1000|9|1.857|3.453|0.60895|0.831969477331058
lr|rpart|75|1000|11|2.166|3.496|0.618|0.860682722462021
lr|rpart|75|1000|13|2.50499999999999|3.632|0.611925|0.88576216987077
lr|rpart|75|1000|15|2.826|3.645|0.61155|0.881355286532719
lr|rpart|50|1000|9|1.289|2.458|0.598975|0.810086186471798
lr|rpart|50|1000|11|1.46200000000001|2.41199999999999|0.610925|0.872014416237495
lr|rpart|50|1000|13|1.634|2.36799999999999|0.6057|0.89315673738812
lr|rpart|50|1000|15|1.90199999999999|2.534|0.6043|0.878757835051899
lr|rpart|100|1000|9|2.47199999999999|4.757|0.611675|0.805980482602977
lr|rpart|100|1000|11|2.85200000000002|4.65799999999998|0.618|0.881935038846559
lr|rpart|100|1000|13|3.30500000000001|4.84900000000001|0.617575|0.887910343132824
lr|rpart|100|1000|15|3.64800000000001|4.75200000000001|0.610375|0.873653946918183
lr|rpart|3|1000|9|0.082000000000005|0.19699999999998|0.41465|0.670887661462775
lr|rpart|3|1000|11|0.0879999999999996|0.195000000000005|0.466425|0.680371389520473
lr|rpart|3|1000|13|0.1|0.194999999999993|0.4738|0.721549679598177
lr|rpart|3|1000|15|0.114999999999986|0.20200000000001|0.4892|0.778969599448313
lr|rpart|10|1000|9|0.245999999999981|0.490999999999997|0.54905|0.77856134374578
lr|rpart|10|1000|11|0.281999999999982|0.513000000000011|0.56985|0.742995964232769
lr|rpart|10|1000|13|0.32900000000003|0.513|0.570825|0.828332185070678
lr|rpart|10|1000|15|0.36400000000001|0.503000000000009|0.56495|0.812463043427833
lr|randomForest|1|100|2|0.0950000000000102|0.0289999999999964|0.235375|0.339688857159164
lr|randomForest|1|100|3|0.0810000000000002|0.0089999999999975|0.2723|0.39552697840148
lr|randomForest|1|100|5|0.0959999999999979|0.00500000000000682|0.303375|0.394136028720933
lr|randomForest|1|100|7|0.0930000000000064|0.00900000000000887|0.324|0.574058866435294
lr|randomForest|1|100|9|0.101999999999998|0.00399999999999636|0.307325|0.480004777715928
lr|randomForest|1|100|11|0.0990000000000009|0.0110000000000014|0.310575|0.599470580035935
lr|randomForest|1|100|13|0.0980000000000132|0.00899999999999181|0.317|0.517347176478397
lr|randomForest|1|100|15|0.0949999999999932|0.00999999999999091|0.321675|0.5105937209846
lr|randomForest|1|1000|9|0.105999999999949|0.00799999999999272|0.62985|0.783576492692134
lr|randomForest|1|1000|11|0.0899999999999977|0.00999999999999091|0.630325|0.790613644848707
lr|randomForest|1|1000|13|0.0959999999999809|0.00900000000000318|0.631125|0.820394720093653
lr|randomForest|1|10000|2|0.189|0.0269999999999998|0.7421|0.864508568842587
lr|randomForest|1|1000|15|0.108000000000004|0.00699999999999363|0.64115|0.818036392771822
lr|randomForest|1|10000|3|0.133|0.0129999999999999|0.769275|0.873120015922723
lr|randomForest|3|100|2|0.115999999999997|0.0110000000000014|0.285575|0.487820974291881
lr|randomForest|1|10000|5|0.151|0.00999999999999979|0.794975|0.894406757130786
lr|randomForest|3|100|3|0.110000000000014|0.0119999999999891|0.3183|0.50198819031322
lr|randomForest|1|10000|7|0.141|0.00600000000000023|0.80215|0.911947538047755
lr|randomForest|1|10000|9|0.133|0.00900000000000034|0.8123|0.918027282961326
lr|randomForest|3|100|5|0.114999999999998|0.00600000000000591|0.3452|0.589306894564856
lr|randomForest|1|10000|11|0.142000000000001|0.00999999999999943|0.81585|0.910577739961272
lr|randomForest|3|100|7|0.117000000000007|0.00800000000000409|0.35605|0.562957833410051
lr|randomForest|1|10000|13|0.136999999999998|0.00899999999999963|0.818975|0.911556571399045
lr|randomForest|3|100|9|0.124000000000001|0.00499999999999545|0.36685|0.527739553932483
lr|randomForest|1|10000|15|0.147999999999998|0.0109999999999992|0.81945|0.899337764001022
lr|randomForest|3|100|11|0.105999999999995|0.0100000000000136|0.377225|0.597252072204962
lr|randomForest|3|10000|2|0.211000000000001|0.0100000000000001|0.810675|0.892056519059568
lr|randomForest|3|100|13|0.0949999999999932|0.00900000000001455|0.3702|0.605372639664707
lr|randomForest|3|10000|3|0.191|0.00599999999999952|0.83525|0.904557243526988
lr|randomForest|3|100|15|0.107000000000005|0.00800000000000409|0.373275|0.618035490612247
lr|randomForest|3|10000|5|0.193000000000001|0.0140000000000001|0.84915|0.92481823562853
lr|randomForest|3|1000|9|0.118000000000006|0.00500000000000682|0.695075|0.825093953866403
lr|randomForest|3|10000|7|0.203000000000001|0.0130000000000003|0.853275|0.931199398848924
lr|randomForest|3|1000|11|0.12600000000001|0.00999999999999091|0.7012|0.820797840730036
lr|randomForest|3|10000|9|0.191|0.00900000000000034|0.859525|0.92030037198953
lr|randomForest|3|1000|13|0.138000000000022|0.00900000000000318|0.701175|0.815617657435112
lr|randomForest|3|10000|11|0.206999999999999|0.00900000000000176|0.8645|0.918379495645851
lr|randomForest|3|1000|15|0.115000000000009|0.0100000000000023|0.696825|0.826480160231439
lr|randomForest|3|10000|13|0.205000000000001|0.0119999999999976|0.862475|0.919584560146193
lr|randomForest|10|100|2|0.152000000000021|0.0130000000000109|0.502425|0.703582091391395
lr|randomForest|3|10000|15|0.213|0.0100000000000023|0.862725|0.909142419651768
lr|randomForest|10|100|3|0.152999999999975|0.00999999999999091|0.53025|0.747187176348175
lr|randomForest|10|10000|2|0.427|0.0159999999999982|0.910825|0.964511283499751
lr|randomForest|10|100|5|0.156000000000006|0.0129999999999995|0.565025|0.744469415507263
lr|randomForest|10|10000|3|0.472000000000001|0.0179999999999993|0.919275|0.970648408750153
lr|randomForest|10|100|7|0.154999999999984|0.0139999999999873|0.56545|0.750735573647748
lr|randomForest|10|10000|5|0.447999999999999|0.0159999999999982|0.923375|0.974160301911247
lr|randomForest|10|100|9|0.150000000000023|0.0100000000000023|0.5687|0.759442536593001
lr|randomForest|10|100|11|0.139999999999998|0.0129999999999995|0.574125|0.757806798475393
lr|randomForest|10|10000|7|0.416000000000002|0.0110000000000042|0.928025|0.974417964970609
lr|randomForest|10|100|13|0.151000000000022|0.0160000000000082|0.5656|0.794261026931066
lr|randomForest|10|10000|9|0.431999999999998|0.0139999999999986|0.92485|0.967792970066915
lr|randomForest|10|100|15|0.133999999999992|0.00899999999999181|0.5823|0.774830060813918
lr|randomForest|10|10000|11|0.461000000000004|0.00999999999999659|0.923875|0.965591785997484
lr|randomForest|10|1000|9|0.189999999999975|0.0129999999999995|0.814525|0.907889593473543
lr|randomForest|10|1000|11|0.173000000000013|0.0139999999999986|0.816575|0.91968778260742
lr|randomForest|10|10000|13|0.465999999999994|0.0169999999999959|0.920975|0.957343607920492
lr|randomForest|10|1000|13|0.177999999999975|0.00900000000000318|0.813375|0.906535696375493
lr|randomForest|10|10000|15|0.480000000000007|0.0140000000000043|0.9199|0.955163031259155
lr|randomForest|10|1000|15|0.173000000000002|0.0159999999999968|0.8143|0.928293388332146
lr|randomForest|30|100|2|0.256000000000006|0.01400000000001|0.6541|0.81531630264297
lr|randomForest|30|10000|2|0.995999999999998|0.0230000000000018|0.94295|0.989582518274657
lr|randomForest|30|100|3|0.257000000000005|0.0130000000000109|0.672125|0.802735288754701
lr|randomForest|30|100|5|0.246000000000004|0.0139999999999986|0.6758|0.794978972607247
lr|randomForest|30|10000|3|0.928999999999999|0.0339999999999975|0.94735|0.985362783924587
lr|randomForest|30|100|7|0.23900000000001|0.0149999999999977|0.6833|0.820608433536432
lr|randomForest|30|100|9|0.253999999999996|0.0169999999999845|0.6791|0.802805907829364
lr|randomForest|30|10000|5|0.977000000000001|0.0240000000000066|0.9475|0.985339621594346
lr|randomForest|30|100|11|0.236000000000013|0.0139999999999986|0.686425|0.819284302086216
lr|randomForest|30|100|13|0.235000000000002|0.00899999999999181|0.687325|0.838502202709805
lr|randomForest|30|10000|7|0.982999999999998|0.0230000000000047|0.946425|0.979846378402091
lr|randomForest|30|100|15|0.231999999999971|0.0159999999999854|0.687375|0.834846382531611
lr|randomForest|30|1000|9|0.323999999999978|0.0179999999999836|0.863175|0.947964351310709
lr|randomForest|30|10000|9|1.014|0.0209999999999923|0.94565|0.979539385320294
lr|randomForest|30|1000|11|0.324999999999989|0.0209999999999923|0.865625|0.948649458728325
lr|randomForest|30|1000|13|0.327000000000021|0.01400000000001|0.862375|0.948341748555139
lr|randomForest|30|10000|11|1.077|0.020999999999998|0.9423|0.972267225798519
lr|randomForest|30|1000|15|0.347000000000003|0.0169999999999845|0.8618|0.947318399513014
lr|randomForest|30|10000|13|1.106|0.0249999999999915|0.938825|0.967438788398531
lr|randomForest|50|100|2|0.353000000000009|0.0240000000000009|0.6998|0.826467997934742
lr|randomForest|50|100|3|0.345000000000005|0.0209999999999923|0.711475|0.820752376978185
lr|randomForest|30|10000|15|1.108|0.0269999999999897|0.9354|0.962744180585976
lr|randomForest|50|100|5|0.31600000000002|0.0200000000000387|0.7159|0.822945986552607
lr|randomForest|50|100|7|0.328000000000031|0.0190000000000055|0.714275|0.826621023736479
lr|randomForest|50|100|9|0.320000000000016|0.0169999999999959|0.71415|0.820746953812063
lr|randomForest|50|10000|2|1.516|0.0379999999999939|0.95005|0.989565659956191
lr|randomForest|50|100|11|0.332999999999993|0.02199999999998|0.713125|0.822625133684259
lr|randomForest|50|100|13|0.353999999999996|0.0130000000000223|0.708975|0.82452788484927
lr|randomForest|50|10000|3|1.49799999999998|0.0369999999999948|0.95325|0.987943486812308
lr|randomForest|50|100|15|0.363000000000011|0.0150000000000091|0.7156|0.837070544363131
lr|randomForest|50|1000|2|0.482999999999981|0.028999999999985|0.87675|0.932144714547289
lr|randomForest|50|10000|5|1.50899999999999|0.0309999999999945|0.9529|0.986983058704732
lr|randomForest|50|1000|3|0.450999999999976|0.0319999999999823|0.88085|0.949779598470444
lr|randomForest|50|1000|5|0.467000000000007|0.0270000000000096|0.880125|0.950639128726247
lr|randomForest|50|1000|7|0.456999999999982|0.0229999999999905|0.876925|0.948538294376611
lr|randomForest|50|10000|7|1.53699999999999|0.0349999999999852|0.949925|0.981838553442195
lr|randomForest|50|1000|9|0.475|0.0290000000000191|0.875025|0.954639979293614
lr|randomForest|50|1000|11|0.459000000000003|0.0210000000000036|0.87405|0.952630747782309
lr|randomForest|50|10000|9|1.59300000000001|0.0300000000000068|0.948775|0.97919089883635
lr|randomForest|50|1000|13|0.480999999999972|0.0230000000000018|0.874625|0.957833701774539
lr|randomForest|50|1000|15|0.5|0.0230000000000018|0.872625|0.949652897072995
lr|randomForest|50|10000|11|1.628|0.0330000000000041|0.944875|0.969691411421904
lr|randomForest|75|100|2|0.444000000000005|0.0249999999999886|0.7249|0.811976287141448
lr|randomForest|75|100|3|0.454999999999995|0.0279999999999973|0.735525|0.800325301606288
lr|randomForest|50|10000|13|1.68399999999999|0.035000000000008|0.9424|0.970557177639189
lr|randomForest|75|100|5|0.468000000000029|0.0240000000000123|0.734975|0.823647687891599
lr|randomForest|75|100|7|0.449000000000012|0.0239999999999895|0.7343|0.83234729253699
lr|randomForest|75|100|9|0.456999999999971|0.0269999999999754|0.729125|0.835494623341237
lr|randomForest|50|10000|15|1.786|0.0310000000000059|0.9384|0.961370683676417
lr|randomForest|75|100|11|0.450999999999988|0.0199999999999932|0.731175|0.830978979129748
lr|randomForest|75|100|13|0.443999999999994|0.0199999999999818|0.730925|0.827436111365356
lr|randomForest|75|10000|2|2.13599999999999|0.0499999999999886|0.953425|0.987643061336283
lr|randomForest|75|100|15|0.451999999999998|0.0249999999999886|0.73395|0.831166925816609
lr|randomForest|75|1000|2|0.630000000000018|0.03900000000001|0.88825|0.94600103106523
lr|randomForest|75|1000|3|0.643999999999983|0.0409999999999855|0.889175|0.950334777442433
lr|randomForest|75|10000|3|2.10899999999999|0.0509999999999934|0.9553|0.990234234322446
lr|randomForest|75|1000|5|0.629000000000008|0.0379999999999995|0.88815|0.955161411939698
lr|randomForest|75|1000|7|0.673000000000013|0.03599999999999|0.886225|0.956692936343535
lr|randomForest|75|10000|5|2.245|0.0540000000000077|0.95535|0.988918639215631
lr|randomForest|75|1000|9|0.737000000000012|0.0360000000000355|0.8841|0.957748400749407
lr|randomForest|75|1000|11|0.686000000000035|0.0349999999999909|0.8789|0.954496911868385
lr|randomForest|75|10000|7|2.37200000000001|0.0420000000000073|0.9527|0.983118861094313
lr|randomForest|75|1000|13|0.705999999999972|0.0370000000000346|0.87845|0.958279914565107
lr|randomForest|75|1000|15|0.745999999999981|0.0349999999999909|0.876825|0.95508162376247
lr|randomForest|100|100|2|0.561999999999989|0.0339999999999918|0.7384|0.822141944975062
lr|randomForest|75|10000|9|2.403|0.0430000000000064|0.95055|0.979497472446083
lr|randomForest|100|100|3|0.560000000000014|0.0300000000000409|0.74215|0.823349035392005
lr|randomForest|100|100|5|0.573999999999978|0.0309999999999945|0.74315|0.820349298892437
lr|randomForest|100|100|7|0.556999999999971|0.0309999999999718|0.7442|0.81638140614406
lr|randomForest|75|10000|11|2.355|0.0429999999999723|0.94645|0.972052115617719
lr|randomForest|100|100|9|0.562999999999943|0.0289999999999964|0.740525|0.824025356280855
lr|randomForest|100|100|11|0.566999999999985|0.0259999999999991|0.74025|0.831419980396851
lr|randomForest|100|100|13|0.551999999999953|0.0259999999999991|0.737475|0.836155265093534
lr|randomForest|75|10000|13|2.41099999999999|0.04200000000003|0.94295|0.968590873834018
lr|randomForest|100|100|15|0.572000000000048|0.0240000000000236|0.7337|0.835094853273881
lr|randomForest|100|1000|7|0.79699999999998|0.0409999999999855|0.88795|0.955594195744308
lr|randomForest|75|10000|15|2.48500000000001|0.0439999999999827|0.9409|0.966898033012457
lr|randomForest|100|1000|9|0.819000000000006|0.0440000000000055|0.88705|0.958000441943966
lr|randomForest|100|1000|11|0.836000000000013|0.0410000000000082|0.88335|0.95867481403178
lr|randomForest|100|1000|13|0.856999999999994|0.0429999999999609|0.880725|0.958770194208775
lr|randomForest|100|10000|2|2.89299999999999|0.0599999999999795|0.9549|0.990870935285574
lr|randomForest|100|1000|15|0.85300000000002|0.0399999999999864|0.8809|0.95729363538768
lr|randomForest|200|100|2|1.03199999999995|0.0549999999999727|0.766675|0.809498647639508
lr|randomForest|100|10000|3|2.88299999999999|0.0580000000000041|0.957075|0.990232215677703
lr|randomForest|200|100|3|1.03399999999999|0.0540000000000191|0.76945|0.82869832731844
lr|randomForest|200|100|5|1.03699999999999|0.0519999999999982|0.76235|0.810795241298003
lr|randomForest|100|10000|5|2.90000000000003|0.06099999999999|0.9556|0.989591311798631
lr|randomForest|200|100|7|1.02399999999998|0.0559999999999945|0.756675|0.828983191724186
lr|randomForest|200|100|9|1.02399999999998|0.0519999999999754|0.751625|0.827538356406016
lr|randomForest|100|10000|7|2.99899999999998|0.0590000000000032|0.953575|0.98377409671719
lr|randomForest|200|100|11|1.03999999999999|0.0449999999999818|0.753375|0.838130532452596
lr|randomForest|200|100|13|1.03199999999999|0.0509999999999991|0.75325|0.836768377861965
lr|randomForest|200|100|15|1.05500000000004|0.0520000000000209|0.751825|0.84751878741756
lr|randomForest|100|10000|9|3.07300000000001|0.0509999999999877|0.95105|0.979533505534489
lr|randomForest|200|1000|2|1.53500000000001|0.0770000000000437|0.9018|0.955625259247683
lr|randomForest|100|10000|11|3.14000000000003|0.0499999999999773|0.94755|0.973606356461055
lr|randomForest|200|1000|3|1.551|0.0769999999999754|0.900425|0.956320659419565
lr|randomForest|200|1000|5|1.52499999999995|0.0739999999999554|0.89705|0.958874059459931
lr|randomForest|100|10000|13|3.26400000000001|0.0490000000000009|0.944475|0.969585077213357
lr|randomForest|200|1000|7|1.53699999999997|0.0679999999999609|0.8926|0.958040723568229
lr|randomForest|200|1000|9|1.59100000000003|0.0700000000000273|0.890475|0.962328496144321
lr|randomForest|100|10000|15|3.41699999999998|0.0459999999999923|0.941625|0.966472419690254
lr|randomForest|200|1000|11|1.59200000000001|0.0710000000000264|0.888475|0.961830957415401
lr|randomForest|200|1000|13|1.58600000000001|0.0699999999999818|0.8864|0.961071082778188
lr|randomForest|200|1000|15|1.63500000000004|0.06700000000003|0.885075|0.96105369784449
lr|randomForest|200|10000|2|5.44999999999999|0.120999999999992|0.9576|0.989578648555464
lr|randomForest|500|100|2|2.35100000000002|0.121000000000004|0.7835|0.810097918596275
lr|randomForest|500|100|3|2.36199999999999|0.117999999999984|0.779375|0.816483852673896
lr|randomForest|200|10000|3|5.36999999999998|0.121000000000015|0.959325|0.990883646846507
lr|randomForest|500|100|5|2.40099999999998|0.116999999999962|0.77465|0.823821594569475
lr|randomForest|500|100|7|2.402|0.112999999999943|0.7693|0.823416094056217
lr|randomForest|200|10000|5|5.46199999999996|0.102999999999975|0.956675|0.989584966352546
lr|randomForest|500|100|9|2.38999999999999|0.106999999999948|0.7644|0.824039124718706
lr|randomForest|500|100|11|2.371|0.108000000000015|0.763725|0.830741252169166
lr|randomForest|200|10000|7|5.60800000000002|0.0900000000000091|0.955775|0.987634716979884
lr|randomForest|500|100|13|2.423|0.106999999999994|0.75865|0.832105296204306
lr|randomForest|500|100|15|2.41400000000001|0.106999999999994|0.760325|0.836131648859511
lr|randomForest|200|10000|9|5.80500000000002|0.0929999999999836|0.95195|0.981458332190582
lr|randomForest|500|1000|2|3.65700000000002|0.188000000000011|0.90555|0.954232203445099
lr|randomForest|200|10000|11|5.96699999999996|0.100999999999954|0.94865|0.972295380531114
lr|randomForest|500|1000|3|3.65|0.180999999999995|0.90425|0.953646646645698
lr|randomForest|500|1000|5|3.66899999999996|0.170000000000005|0.900875|0.958618206265353
lr|randomForest|200|10000|13|6.23400000000001|0.0920000000000527|0.944775|0.967372852188774
lr|randomForest|500|1000|7|3.676|0.159999999999991|0.8971|0.961841074997793
lr|randomForest|500|1000|9|3.78899999999999|0.161999999999944|0.894375|0.963366468254182
lr|randomForest|200|10000|15|6.56200000000001|0.0959999999999809|0.94255|0.964594167836821
lr|randomForest|500|1000|11|3.86399999999999|0.165000000000032|0.890275|0.962772049871653
lr|randomForest|500|1000|13|3.821|0.158999999999969|0.8893|0.962987172761987
lr|randomForest|500|1000|15|3.88299999999997|0.150000000000023|0.8864|0.961735504048364
lr|randomForest|500|10000|2|12.9319999999999|0.274999999999977|0.959625|0.990881545522313
lr|naivebayes|1|100|9|0.0119999999999891|1.09100000000012|0.25905|0.32547758564622
lr|naivebayes|1|100|11|0.0130000000000109|1.2079999999999|0.29285|0.462299695497939
lr|naivebayes|1|100|13|0.0139999999999873|1.35000000000005|0.321125|0.605315445234339
lr|naivebayes|1|100|15|0.0159999999999854|1.49900000000002|0.347275|0.607516144225225
lr|naivebayes|1|1000|9|0.00999999999999091|1.05100000000007|0.414675|0.630911979278197
lr|naivebayes|1|1000|11|0.00499999999997272|1.20500000000002|0.5216|0.778873451908625
lr|naivebayes|1|1000|13|0.0110000000001037|1.34100000000008|0.55855|0.834038205865154
lr|naivebayes|1|1000|15|0.0179999999999836|1.46500000000005|0.572825|0.784391349205327
lr|randomForest|500|10000|3|13.08|0.27199999999998|0.96085|0.991846032658449
lr|naivebayes|3|100|9|0.0260000000000218|3.1|0.292975|0.518991131298219
lr|naivebayes|3|100|11|0.0289999999999509|3.50399999999995|0.309525|0.604238716033186
lr|naivebayes|3|100|13|0.0359999999999218|3.84600000000005|0.3584|0.562835649181302
lr|randomForest|500|10000|5|12.854|0.240000000000009|0.958675|0.990885727769495
lr|naivebayes|3|100|15|0.0329999999999927|4.30699999999993|0.37125|0.667406944796276
lr|naivebayes|3|1000|9|0.0269999999998163|3.07999999999993|0.516725|0.69012674117379
lr|naivebayes|3|1000|11|0.0349999999999909|3.51300000000001|0.55965|0.736163677859921
lr|naivebayes|3|1000|13|0.0390000000000327|3.82700000000004|0.593625|0.787986861547389
lr|randomForest|500|10000|7|13.361|0.227999999999997|0.956825|0.989582803153643
lr|naivebayes|3|1000|15|0.0449999999999818|4.23299999999995|0.610975|0.812412955304209
lr|randomForest|500|10000|9|13.806|0.226999999999953|0.9528|0.979527352166347
lr|naivebayes|10|100|9|0.0710000000000036|10.308|0.47075|0.71109487029344
lr|naivebayes|10|100|11|0.0869999999999891|11.7319999999999|0.502125|0.781963782664578
lr|randomForest|500|10000|11|14.17|0.225000000000045|0.948775|0.971322592801803
lr|naivebayes|10|100|13|0.1|13.021|0.5245|0.779399235558932
lr|randomForest|500|10000|13|14.771|0.228000000000065|0.9453|0.969522993590174
lr|naivebayes|10|100|15|0.113000000000011|14.284|0.534175|0.786688303559877
lr|randomForest|500|10000|15|15.342|0.219999999999936|0.94325|0.963597597172802
lr|naivebayes|1|10000|9|0.0270000000000437|1.09300000000007|0.520375|0.774314503512769
lr|naivebayes|1|10000|11|0.0179999999999836|1.204|0.564|0.820154421021737
lr|naivebayes|1|10000|13|0.0239999999999782|1.35199999999995|0.589875|0.794534140290352
lr|naivebayes|10|1000|9|0.0890000000000327|10.427|0.593|0.80809308872231
lr|naivebayes|1|10000|15|0.0259999999999309|1.423|0.632875|0.826709247478993
lr|naivebayes|3|10000|9|0.0579999999999927|3.025|0.5439|0.71767733559156
lr|naivebayes|3|10000|11|0.0610000000000127|3.40500000000002|0.589175|0.751047843863908
lr|naivebayes|3|10000|13|0.0619999999999436|3.83199999999993|0.62475|0.7897173367272
lr|naivebayes|10|1000|11|0.107000000000062|11.571|0.621375|0.814091071294878
lr|naivebayes|3|10000|15|0.0730000000000018|4.20400000000004|0.642975|0.823538911977369
lr|naivebayes|10|1000|13|0.108999999999969|12.878|0.629675|0.838372600429814
lr|naivebayes|10|10000|9|0.180999999999949|10.134|0.608875|0.772457766183802
lr|naivebayes|10|10000|11|0.192999999999984|11.419|0.6278|0.791624425405331
lr|naivebayes|10|1000|15|0.130000000000018|14.015|0.640325|0.851581384882186
lr|naivebayes|10|10000|13|0.223999999999978|12.741|0.648725|0.828651446764331
lr|naivebayes|10|10000|15|0.240000000000055|13.9779999999999|0.65095|0.83940932806042
lr|naivebayes|30|100|9|0.215000000000055|31.27|0.589525|0.831240451169624
lr|naivebayes|30|10000|9|0.555999999999994|30.91|0.624975|0.788281337771636
lr|naivebayes|30|100|11|0.268000000000029|35.761|0.61885|0.828992930677651
lr|naivebayes|30|10000|11|0.595999999999913|35.09|0.64575|0.816625082404028
lr|naivebayes|30|100|13|0.314999999999782|39.698|0.633025|0.865565587008974
lr|naivebayes|30|10000|13|0.666000000000076|39.1799999999998|0.65585|0.83635092845398
lr|naivebayes|30|100|15|0.353999999999996|43.8350000000003|0.62755|0.863272754735293
lr|naivebayes|30|10000|15|0.741999999999825|42.939|0.655875|0.841929111240616
lr|naivebayes|30|1000|9|0.261000000000058|31.2859999999999|0.6203|0.800084817879351
lr|naivebayes|50|10000|2|0.536000000000149|28.135|0.37675|0.567153102191064
lr|naivebayes|30|1000|11|0.303999999999996|35.4490000000003|0.633625|0.831716694513006
lr|naivebayes|50|10000|3|0.594999999999891|31.513|0.4734|0.624161853348827
lr|naivebayes|30|1000|13|0.366999999999916|39.7270000000001|0.643375|0.852582751800238
lr|naivebayes|50|10000|5|0.776999999999953|38.4570000000001|0.568625|0.719549412497035
lr|naivebayes|30|1000|15|0.403999999999996|42.822|0.648425|0.860805011163194
lr|naivebayes|50|10000|7|0.819999999999891|44.734|0.61415|0.772305039334225
lr|naivebayes|50|100|2|0.125000000000091|28.521|0.392775|0.576252360752703
lr|naivebayes|50|100|3|0.160000000000218|31.9759999999999|0.4728|0.682866258875381
lr|naivebayes|50|10000|9|0.915999999999894|52.1179999999999|0.6368|0.807427119862739
lr|naivebayes|50|100|5|0.240000000000055|38.821|0.550275|0.782116555894306
lr|naivebayes|50|10000|11|1.01900000000014|58.4379999999998|0.6509|0.833353800514793
lr|naivebayes|50|100|7|0.305000000000018|45.712|0.600175|0.826259736497332
lr|naivebayes|50|10000|13|1.13500000000022|64.7660000000001|0.6545|0.836750729062421
lr|naivebayes|50|100|9|0.3699999999998|52.5619999999997|0.627875|0.834824947979319
lr|naivebayes|50|100|11|0.440999999999985|59.0870000000001|0.64745|0.855922040769039
lr|naivebayes|50|10000|15|1.20999999999995|71.2860000000001|0.65695|0.839467404963697
lr|naivebayes|75|10000|2|0.788999999999942|42.0859999999999|0.383475|0.57887570667998
lr|naivebayes|50|100|13|0.503000000000066|66.1399999999998|0.65395|0.872155943430338
lr|naivebayes|75|10000|3|0.858000000000175|47.0929999999998|0.468075|0.607144706694475
lr|naivebayes|50|100|15|0.583999999999651|72.8609999999999|0.662|0.872982734304684
lr|naivebayes|75|10000|5|1.04699999999975|57.9379999999997|0.572875|0.712143337420804
lr|naivebayes|50|1000|2|0.169999999999891|28.434|0.391|0.559307449368771
lr|naivebayes|50|1000|3|0.200000000000364|31.96|0.4837|0.621458351845361
lr|naivebayes|75|10000|7|1.23300000000017|68.0880000000003|0.6148|0.759522461710647
lr|naivebayes|50|1000|5|0.281999999999607|38.6609999999999|0.566575|0.716334622420842
lr|naivebayes|50|1000|7|0.36299999999992|45.3370000000004|0.606725|0.78531782116442
lr|naivebayes|75|10000|9|1.41499999999978|78.3119999999999|0.63635|0.811096204959985
lr|naivebayes|50|1000|9|0.440999999999985|52.4799999999996|0.628975|0.816419437486261
lr|naivebayes|50|1000|11|0.511999999999898|58.5500000000005|0.64105|0.837976213157622
lr|naivebayes|75|10000|11|1.57300000000014|87.8459999999999|0.65445|0.833947218021468
lr|naivebayes|50|1000|13|0.579000000000269|64.9900000000003|0.647425|0.855110577053752
lr|naivebayes|75|10000|13|1.69299999999985|96.8679999999997|0.656725|0.841396377041386
lr|naivebayes|50|1000|15|0.642999999999665|71.3359999999997|0.648175|0.857956102663306
lr|naivebayes|75|100|2|0.177000000000044|42.868|0.428075|0.612496225122549
lr|naivebayes|75|10000|15|1.86599999999999|107.115|0.657775|0.837922056557764
lr|naivebayes|75|100|3|0.23899999999976|48.3580000000004|0.513525|0.703463561384824
lr|naivebayes|75|100|5|0.348999999999978|56.7239999999998|0.5908|0.795317746165824
lr|naivebayes|100|10000|9|1.80700000000033|101.237|0.64015|0.811141093497943
lr|naivebayes|75|100|7|0.425|65.1700000000003|0.626775|0.819373073345976
lr|naivebayes|100|10000|11|1.91199999999972|110.429|0.65295|0.839182432364234
lr|naivebayes|75|100|9|0.515999999999622|74.9840000000004|0.648525|0.837800145109445
lr|naivebayes|75|100|11|0.614000000000669|84.9760000000002|0.6632|0.86401047700034
lr|naivebayes|100|10000|13|2.125|123.232|0.657525|0.838287603240583
lr|naivebayes|75|100|13|0.718999999999869|94.023|0.666|0.868531781163517
lr|naivebayes|100|10000|15|2.31600000000035|135.016999999999|0.65685|0.838691581771449
lr|naivebayes|75|100|15|0.838000000000466|103.391000000001|0.678075|0.874947569792917
lr|naivebayes|75|1000|2|0.243000000000393|41.0910000000003|0.4207|0.575685956301803
lr|naivebayes|200|10000|2|2.01599999999999|108.042|0.41815|0.614823561020773
lr|naivebayes|75|1000|3|0.290999999999985|45.8540000000001|0.484575|0.612440795791629
lr|naivebayes|75|1000|5|0.397999999999593|55.2490000000002|0.58205|0.737874319356108
lr|naivebayes|200|10000|3|2.20000000000073|120.518|0.491675|0.630746601517391
lr|naivebayes|75|1000|7|0.506000000000131|64.9229999999992|0.6142|0.781781559906661
lr|naivebayes|75|1000|9|0.618999999999141|74.7889999999999|0.6321|0.814319593280045
lr|naivebayes|200|10000|5|2.68299999999945|145.783|0.582725|0.722581214696439
lr|naivebayes|75|1000|11|0.718999999999505|83.973|0.641375|0.848192711941534
lr|naivebayes|75|1000|13|0.84600000000064|93.1879999999994|0.64835|0.852318987203959
lr|naivebayes|200|10000|7|3.0929999999993|170.621000000001|0.62115|0.762427506035979
lr|naivebayes|75|1000|15|0.961000000000058|102.753|0.6508|0.855752879335058
lr|naivebayes|100|100|9|0.688000000000466|100.392000000001|0.663575|0.849519836285548
lr|naivebayes|200|10000|9|3.47299999999996|197.435|0.642325|0.816093192805463
lr|naivebayes|100|100|11|0.820000000000073|113.058|0.6726|0.864108500329579
lr|bagging|3|10000|0|0.563000000000466|0.143000000000393|0.87985|0.935463453500053
lr|bagging|10|10000|0|1.43899999999958|0.364000000000669|0.921525|0.961998695275724
lr|bagging|30|10000|0|3.7929999999993|1.0010000000002|0.936375|0.966542177749457
lr|bagging|50|1000|0|1.04899999999943|0.356999999999607|0.8779|0.959829477913678
lr|bagging|75|1000|0|1.51999999999971|0.524999999999636|0.885175|0.964184849325181
lr|naivebayes|100|1000|9|0.835000000000218|103.116999999999|0.641175|0.812663663228073
lr|naivebayes|100|1000|11|0.988999999999942|113.205999999999|0.652875|0.834964470066962
lr|naivebayes|200|1000|7|1.39599999999991|174.691|0.6239|0.773238448657412
lr|naivebayes|100|1000|13|1.13000000000065|125.934000000001|0.65765|0.838017910281928
lr|naivebayes|100|1000|15|1.225|135.538|0.6598|0.838058365391387
lr|naivebayes|200|1000|2|0.551000000000204|106.507|0.4487|0.555693832555506
lr|naivebayes|200|1000|3|0.710999999999694|118.712999999999|0.517|0.6316176992137
lr|naivebayes|200|1000|5|0.988000000000466|143.466|0.60025|0.726753318554011
lr|naivebayes|200|1000|7|1.26699999999983|166.976|0.62595|0.771876232222789
lr|naivebayes|200|1000|9|1.57500000000036|192.310000000001|0.644275|0.813348807821308
lr|naivebayes|200|1000|11|1.99700000000084|234.441|0.653775|0.833586435591717
lr|rpart|200|1000|7|3.91999999999971|8.6109999999997|0.6186|0.777314863100804
lr|randomForest|700|1000|5|4.75700000000143|0.230000000000291|0.9012|0.958512416256426
lr|bagging|700|1000|0|11.2479999999996|4.22900000000009|0.893575|0.957958214198971
lr|rpart|200|1000|5|2.98500000000058|8.12200000000012|0.602225|0.742793348149413
lr|rpart|500|1000|5|7.60899999999965|21.0760000000009|0.606325|0.740456813931563
lr|rpart|700|1000|5|11.5679999999993|32.6020000000004|0.60545|0.758650540451068
